#
# A fatal error has been detected by the Java Runtime Environment:
#
#  SIGSEGV (0xb) at pc=0x00007fc62f7fb1d0, pid=269750, tid=269760
#
# JRE version: OpenJDK Runtime Environment Temurin-17.0.8.1+1 (17.0.8.1+1) (build 17.0.8.1+1)
# Java VM: OpenJDK 64-Bit Server VM Temurin-17.0.8.1+1 (17.0.8.1+1, mixed mode, emulated-client, tiered, compressed oops, compressed class ptrs, g1 gc, linux-amd64)
# Problematic frame:
# V  [libjvm.so+0x5fb1d0]  ConstantPool::deallocate_contents(ClassLoaderData*)+0x20
#
# Core dump will be written. Default location: Core dumps may be processed with "/usr/share/apport/apport -p%p -s%s -c%c -d%d -P%P -u%u -g%g -- %E" (or dumping to /home/codecompass/Projects/BitBucket/BarApplication/core.269750)
#
# If you would like to submit a bug report, please visit:
#   https://github.com/adoptium/adoptium-support/issues
#

---------------  S U M M A R Y ------------

Command Line: -Dcom.sun.management.jmxremote -Dcom.sun.management.jmxremote.port=38547 -Dcom.sun.management.jmxremote.authenticate=false -Dcom.sun.management.jmxremote.ssl=false -Djava.rmi.server.hostname=localhost -Dspring.jmx.enabled=true -Dmanagement.endpoints.jmx.exposure.include=* -Dspring.application.admin.enabled=true -Djava.security.egd=file:/dev/./urandom -XX:TieredStopAtLevel=1 -Dspring.boot.project.name=BarApplication -Dfile.encoding=UTF-8 -Dstdout.encoding=UTF-8 -Dstderr.encoding=UTF-8 -XX:+ShowCodeDetailsInExceptionMessages com.azeem.AzeemApplication --spring.output.ansi.enabled=always

Host: Intel(R) Core(TM) i5-4460  CPU @ 3.20GHz, 4 cores, 15G, Ubuntu 22.04.3 LTS
Time: Fri Nov 17 03:42:18 2023 IST elapsed time: 1.115197 seconds (0d 0h 0m 1s)

---------------  T H R E A D  ---------------

Current thread (0x00007fc6281cdfc0):  VMThread "VM Thread" [stack: 0x00007fc618763000,0x00007fc618863000] [id=269760]

Stack: [0x00007fc618763000,0x00007fc618863000],  sp=0x00007fc618861540,  free space=1017k
Native frames: (J=compiled Java code, j=interpreted, Vv=VM code, C=native code)
V  [libjvm.so+0x5fb1d0]  ConstantPool::deallocate_contents(ClassLoaderData*)+0x20
V  [libjvm.so+0x58dd15]  ClassLoaderData::free_deallocate_list()+0x265
V  [libjvm.so+0x59345c]  ClassLoaderDataGraph::purge(bool)+0xdc
V  [libjvm.so+0x701074]  G1ConcurrentMark::remark()+0x5f4
V  [libjvm.so+0x76e331]  VM_G1PauseConcurrent::doit()+0x181
V  [libjvm.so+0xee9eca]  VM_Operation::evaluate()+0xea
V  [libjvm.so+0xeeb873]  VMThread::evaluate_operation(VM_Operation*)+0x103
V  [libjvm.so+0xeebdc4]  VMThread::inner_execute(VM_Operation*)+0x1d4
V  [libjvm.so+0xeec0af]  VMThread::run()+0xbf
V  [libjvm.so+0xe68d40]  Thread::call_run()+0xc0
V  [libjvm.so+0xc1e681]  thread_native_entry(Thread*)+0xe1


siginfo: si_signo: 11 (SIGSEGV), si_code: 1 (SEGV_MAPERR), si_addr: 0x0000004000000000

Register to memory mapping:

RAX=0x00000000000001a3 is an unknown value
RBX=0x000000000000000b is an unknown value
RCX=0x000000000000000a is an unknown value
RDX=0x000000000000000b is an unknown value
RSP=0x00007fc618861540 points into unknown readable memory: 0x00007fc618861570 | 70 15 86 18 c6 7f 00 00
RBP=0x00007fc618861570 points into unknown readable memory: 0x00007fc6188615c0 | c0 15 86 18 c6 7f 00 00
RSI=0x00007fc62815b1b0 points into unknown readable memory: 0x0000000000000000 | 00 00 00 00 00 00 00 00
RDI=0x00007fc6002f5848 is pointing into metadata
R8 =0x000000000000004e is an unknown value
R9 =0x0 is NULL
R10=0x00007fc5f800c640 points into unknown readable memory: 0x0000000000000060 | 60 00 00 00 00 00 00 00
R11=0x00007fc5f8000090 points into unknown readable memory: 0x00007fc5f80115d0 | d0 15 01 f8 c5 7f 00 00
R12=0x00007fc6002f5848 is pointing into metadata
R13=0x00007fc62815b1b0 points into unknown readable memory: 0x0000000000000000 | 00 00 00 00 00 00 00 00
R14=0x0000004000000000 is an unknown value
R15=0x00007fc6002f5848 is pointing into metadata


Registers:
RAX=0x00000000000001a3, RBX=0x000000000000000b, RCX=0x000000000000000a, RDX=0x000000000000000b
RSP=0x00007fc618861540, RBP=0x00007fc618861570, RSI=0x00007fc62815b1b0, RDI=0x00007fc6002f5848
R8 =0x000000000000004e, R9 =0x0000000000000000, R10=0x00007fc5f800c640, R11=0x00007fc5f8000090
R12=0x00007fc6002f5848, R13=0x00007fc62815b1b0, R14=0x0000004000000000, R15=0x00007fc6002f5848
RIP=0x00007fc62f7fb1d0, EFLAGS=0x0000000000010206, CSGSFS=0x002b000000000033, ERR=0x0000000000000004
  TRAPNO=0x000000000000000e

Top of Stack: (sp=0x00007fc618861540)
0x00007fc618861540:   00007fc618861570 000000000000000b
0x00007fc618861550:   0000000000000050 00007fc62815b1b0
0x00007fc618861560:   00007fc62f7825c0 00007fc6002f5848
0x00007fc618861570:   00007fc6188615c0 00007fc62f78dd15 

Instructions: (pc=0x00007fc62f7fb1d0)
0x00007fc62f7fb0d0:   c1 ee 03 e8 48 c2 59 00 49 89 c4 48 85 c0 74 02
0x00007fc62f7fb0e0:   89 18 49 83 7d 08 00 75 5f 85 db 7e 16 31 f6 48
0x00007fc62f7fb0f0:   63 d3 49 8d 7c 24 04 e8 44 82 c5 ff 49 83 7d 08
0x00007fc62f7fb100:   00 75 45 8d 53 09 4d 89 e8 b9 0a 00 00 00 4c 89
0x00007fc62f7fb110:   f6 48 63 d2 bf 48 00 00 00 e8 42 d4 dc ff 48 85
0x00007fc62f7fb120:   c0 74 15 41 8b 14 24 48 8d 0d 8a 0d c1 00 4c 89
0x00007fc62f7fb130:   60 08 48 89 08 89 50 3c 5b 41 5c 41 5d 41 5e 5d
0x00007fc62f7fb140:   c3 0f 1f 80 00 00 00 00 5b 31 c0 41 5c 41 5d 41
0x00007fc62f7fb150:   5e 5d c3 90 66 66 2e 0f 1f 84 00 00 00 00 00 90
0x00007fc62f7fb160:   f6 46 38 08 74 05 66 83 4f 38 08 0f b7 46 30 66
0x00007fc62f7fb170:   89 47 30 0f b7 46 32 66 89 47 32 0f b7 46 36 66
0x00007fc62f7fb180:   89 47 36 0f b7 46 34 66 89 47 34 c3 0f 1f 40 00
0x00007fc62f7fb190:   48 8d 05 21 0d c1 00 48 89 77 08 48 89 07 8b 06
0x00007fc62f7fb1a0:   89 47 3c c3 66 66 2e 0f 1f 84 00 00 00 00 00 90
0x00007fc62f7fb1b0:   55 48 89 e5 41 57 41 56 41 55 49 89 f5 41 54 49
0x00007fc62f7fb1c0:   89 fc 53 48 83 ec 08 4c 8b 77 10 4d 85 f6 74 33
0x00007fc62f7fb1d0:   41 8b 06 4c 89 f7 8d 1c 85 05 00 00 00 e8 ee d0
0x00007fc62f7fb1e0:   00 00 4c 89 ef e8 c6 24 f9 ff 48 63 d3 31 c9 4c
0x00007fc62f7fb1f0:   89 f6 48 89 c7 e8 a6 bf f9 ff 49 c7 44 24 10 00
0x00007fc62f7fb200:   00 00 00 4d 8b 74 24 28 4d 85 f6 74 34 41 8b 06
0x00007fc62f7fb210:   ba 00 00 00 00 4c 89 ef 83 e8 01 0f 48 c2 48 98
0x00007fc62f7fb220:   48 8d 1c c5 17 00 00 00 e8 83 24 f9 ff 48 c1 eb
0x00007fc62f7fb230:   03 31 c9 4c 89 f6 48 89 c7 48 63 d3 e8 5f bf f9
0x00007fc62f7fb240:   ff 49 c7 44 24 28 00 00 00 00 4d 8b 74 24 20 4d
0x00007fc62f7fb250:   85 f6 74 31 41 8b 06 ba 00 00 00 00 4c 89 ef 83
0x00007fc62f7fb260:   e8 01 0f 48 c2 48 98 4c 8d 7c 00 0f e8 3f 24 f9
0x00007fc62f7fb270:   ff 49 c1 ef 03 31 c9 4c 89 f6 48 89 c7 4c 89 fa
0x00007fc62f7fb280:   e8 1b bf f9 ff 49 c7 44 24 20 00 00 00 00 41 83
0x00007fc62f7fb290:   7c 24 3c 01 7e 26 bb 01 00 00 00 0f 1f 44 00 00
0x00007fc62f7fb2a0:   49 8b 44 24 08 48 8d 44 18 04 0f b6 00 3c 01 74
0x00007fc62f7fb2b0:   5f 48 83 c3 01 41 39 5c 24 3c 7f e4 4d 8b 7c 24
0x00007fc62f7fb2c0:   08 4d 85 ff 74 31 41 8b 07 ba 00 00 00 00 4c 89 


Stack slot to memory mapping:
stack at sp + 0 slots: 0x00007fc618861570 points into unknown readable memory: 0x00007fc6188615c0 | c0 15 86 18 c6 7f 00 00
stack at sp + 1 slots: 0x000000000000000b is an unknown value
stack at sp + 2 slots: 0x0000000000000050 is an unknown value
stack at sp + 3 slots: 0x00007fc62815b1b0 points into unknown readable memory: 0x0000000000000000 | 00 00 00 00 00 00 00 00
stack at sp + 4 slots: 0x00007fc62f7825c0: <offset 0x00000000005825c0> in /opt/STS4/plugins/org.eclipse.justj.openjdk.hotspot.jre.full.linux.x86_64_17.0.8.v20230831-1047/jre/lib/server/libjvm.so at 0x00007fc62f200000
stack at sp + 5 slots: 0x00007fc6002f5848 is pointing into metadata
stack at sp + 6 slots: 0x00007fc6188615c0 points into unknown readable memory: 0x00007fc618861600 | 00 16 86 18 c6 7f 00 00
stack at sp + 7 slots: 0x00007fc62f78dd15: <offset 0x000000000058dd15> in /opt/STS4/plugins/org.eclipse.justj.openjdk.hotspot.jre.full.linux.x86_64_17.0.8.v20230831-1047/jre/lib/server/libjvm.so at 0x00007fc62f200000

VM_Operation (0x00007fc61b06db70): G1PauseRemark, mode: safepoint, requested by thread 0x00007fc6280a3590


---------------  P R O C E S S  ---------------

Threads class SMR info:
_java_thread_list=0x00007fc6289bdf70, length=20, elements={
0x00007fc6280284c0, 0x00007fc6281ddd80, 0x00007fc6281df3e0, 0x00007fc628215b50,
0x00007fc628216f10, 0x00007fc62820b7c0, 0x00007fc62820cca0, 0x00007fc62820e0e0,
0x00007fc5dc0336c0, 0x00007fc5dc034c70, 0x00007fc6282bd5f0, 0x00007fc6283010f0,
0x00007fc6286ee720, 0x00007fc6286f7240, 0x00007fc628726e90, 0x00007fc5c80019b0,
0x00007fc5a400ee40, 0x00007fc5c4001b20, 0x00007fc59c00c080, 0x00007fc6289bd2e0
}

Java Threads: ( => current thread )
  0x00007fc6280284c0 JavaThread "main" [_thread_blocked, id=269752, stack(0x00007fc62f100000,0x00007fc62f200000)]
  0x00007fc6281ddd80 JavaThread "Reference Handler" daemon [_thread_blocked, id=269763, stack(0x00007fc618661000,0x00007fc618761000)]
  0x00007fc6281df3e0 JavaThread "Finalizer" daemon [_thread_blocked, id=269764, stack(0x00007fc618561000,0x00007fc618661000)]
  0x00007fc628215b50 JavaThread "Signal Dispatcher" daemon [_thread_blocked, id=269765, stack(0x00007fc618461000,0x00007fc618561000)]
  0x00007fc628216f10 JavaThread "Service Thread" daemon [_thread_blocked, id=269766, stack(0x00007fc618361000,0x00007fc618461000)]
  0x00007fc62820b7c0 JavaThread "Monitor Deflation Thread" daemon [_thread_blocked, id=269767, stack(0x00007fc618261000,0x00007fc618361000)]
  0x00007fc62820cca0 JavaThread "C1 CompilerThread0" daemon [_thread_blocked, id=269768, stack(0x00007fc618161000,0x00007fc618261000)]
  0x00007fc62820e0e0 JavaThread "Sweeper thread" daemon [_thread_blocked, id=269769, stack(0x00007fc618061000,0x00007fc618161000)]
  0x00007fc5dc0336c0 JavaThread "C1 CompilerThread1" daemon [_thread_blocked, id=269770, stack(0x00007fc5f7900000,0x00007fc5f7a00000)]
  0x00007fc5dc034c70 JavaThread "C1 CompilerThread2" daemon [_thread_blocked, id=269771, stack(0x00007fc5f7800000,0x00007fc5f7900000)]
  0x00007fc6282bd5f0 JavaThread "Common-Cleaner" daemon [_thread_blocked, id=269772, stack(0x00007fc5f7700000,0x00007fc5f7800000)]
  0x00007fc6283010f0 JavaThread "Notification Thread" daemon [_thread_blocked, id=269774, stack(0x00007fc5f7600000,0x00007fc5f7700000)]
  0x00007fc6286ee720 JavaThread "RMI TCP Accept-0" daemon [_thread_in_native, id=269775, stack(0x00007fc5f7500000,0x00007fc5f7600000)]
  0x00007fc6286f7240 JavaThread "RMI TCP Accept-38547" daemon [_thread_in_native, id=269776, stack(0x00007fc5f7400000,0x00007fc5f7500000)]
  0x00007fc628726e90 JavaThread "RMI TCP Accept-0" daemon [_thread_in_native, id=269777, stack(0x00007fc5f7300000,0x00007fc5f7400000)]
  0x00007fc5c80019b0 JavaThread "RMI TCP Connection(1)-127.0.0.1" daemon [_thread_in_native, id=269783, stack(0x00007fc5f6cf6000,0x00007fc5f6df6000)]
  0x00007fc5a400ee40 JavaThread "RMI Scheduler(0)" daemon [_thread_blocked, id=269784, stack(0x00007fc5f6bf6000,0x00007fc5f6cf6000)]
  0x00007fc5c4001b20 JavaThread "RMI TCP Connection(2)-127.0.0.1" daemon [_thread_in_native, id=269788, stack(0x00007fc5f6af6000,0x00007fc5f6bf6000)]
  0x00007fc59c00c080 JavaThread "JMX server connection timeout 20" daemon [_thread_blocked, id=269789, stack(0x00007fc5f69f6000,0x00007fc5f6af6000)]
  0x00007fc6289bd2e0 JavaThread "background-preinit" [_thread_blocked, id=269791, stack(0x00007fc5f68f6000,0x00007fc5f69f6000)]

Other Threads:
=>0x00007fc6281cdfc0 VMThread "VM Thread" [stack: 0x00007fc618763000,0x00007fc618863000] [id=269760]
  0x00007fc62822fd80 WatcherThread [stack: 0x00007fc5f7200000,0x00007fc5f7300000] [id=269778]
  0x00007fc628092730 GCTaskThread "GC Thread#0" [stack: 0x00007fc61b071000,0x00007fc61b171000] [id=269753]
  0x00007fc5f80051b0 GCTaskThread "GC Thread#1" [stack: 0x00007fc5f70fe000,0x00007fc5f71fe000] [id=269779]
  0x00007fc5f8005be0 GCTaskThread "GC Thread#2" [stack: 0x00007fc5f6ffc000,0x00007fc5f70fc000] [id=269780]
  0x00007fc5f8006610 GCTaskThread "GC Thread#3" [stack: 0x00007fc5f6efa000,0x00007fc5f6ffa000] [id=269781]
  0x00007fc6280a3590 ConcurrentGCThread "G1 Main Marker" [stack: 0x00007fc61af6f000,0x00007fc61b06f000] [id=269754]
  0x00007fc6280a4500 ConcurrentGCThread "G1 Conc#0" [stack: 0x00007fc61ae6d000,0x00007fc61af6d000] [id=269755]
  0x00007fc628147e90 ConcurrentGCThread "G1 Refine#0" [stack: 0x00007fc618967000,0x00007fc618a67000] [id=269756]
  0x00007fc604000eb0 ConcurrentGCThread "G1 Refine#1" [stack: 0x00007fc5f6df8000,0x00007fc5f6ef8000] [id=269782]
  0x00007fc628148d80 ConcurrentGCThread "G1 Service" [stack: 0x00007fc618865000,0x00007fc618965000] [id=269757]

Threads with active compile tasks:
C1 CompilerThread2     1122 1838       1       jdk.internal.org.objectweb.asm.Frame::merge (395 bytes)

VM state: at safepoint (normal execution)

VM Mutex/Monitor currently owned by a thread:  ([mutex/lock_event])
[0x00007fc628025680] Threads_lock - owner thread: 0x00007fc6281cdfc0
[0x00007fc628025e30] Heap_lock - owner thread: 0x00007fc6280a3590

Heap address: 0x0000000707800000, size: 3976 MB, Compressed Oops mode: Zero based, Oop shift amount: 3

CDS archive(s) not mapped
Compressed class space mapped at: 0x0000000800000000-0x0000000840000000, reserved size: 1073741824
Narrow klass base: 0x0000000800000000, Narrow klass shift: 0, Narrow klass range: 0x40000000

GC Precious Log:
 CPUs: 4 total, 4 available
 Memory: 15899M
 Large Page Support: Disabled
 NUMA Support: Disabled
 Compressed Oops: Enabled (Zero based)
 Heap Region Size: 2M
 Heap Min Capacity: 8M
 Heap Initial Capacity: 250M
 Heap Max Capacity: 3976M
 Pre-touch: Disabled
 Parallel Workers: 4
 Concurrent Workers: 1
 Concurrent Refinement Workers: 4
 Periodic GC: Disabled

Heap:
 garbage-first heap   total 256000K, used 8899K [0x0000000707800000, 0x0000000800000000)
  region size 2048K, 3 young (6144K), 2 survivors (4096K)
 Metaspace       used 21510K, committed 21824K, reserved 1114112K
  class space    used 2514K, committed 2688K, reserved 1048576K

Heap Regions: E=young(eden), S=young(survivor), O=old, HS=humongous(starts), HC=humongous(continues), CS=collection set, F=free, OA=open archive, CA=closed archive, TAMS=top-at-mark-start (previous, next)
|   0|0x0000000707800000, 0x0000000707a00000, 0x0000000707a00000|100%| O|  |TAMS 0x0000000707a00000, 0x0000000707800000| Untracked 
|   1|0x0000000707a00000, 0x0000000707c00000, 0x0000000707c00000|100%| O|  |TAMS 0x0000000707c00000, 0x0000000707a00000| Untracked 
|   2|0x0000000707c00000, 0x0000000707df8c00, 0x0000000707e00000| 98%| O|  |TAMS 0x0000000707df8c00, 0x0000000707c00000| Untracked 
|   3|0x0000000707e00000, 0x0000000707e00000, 0x0000000708000000|  0%| F|  |TAMS 0x0000000707e00000, 0x0000000707e00000| Untracked 
|   4|0x0000000708000000, 0x0000000708000000, 0x0000000708200000|  0%| F|  |TAMS 0x0000000708000000, 0x0000000708000000| Untracked 
|   5|0x0000000708200000, 0x0000000708200000, 0x0000000708400000|  0%| F|  |TAMS 0x0000000708200000, 0x0000000708200000| Untracked 
|   6|0x0000000708400000, 0x0000000708400000, 0x0000000708600000|  0%| F|  |TAMS 0x0000000708400000, 0x0000000708400000| Untracked 
|   7|0x0000000708600000, 0x0000000708600000, 0x0000000708800000|  0%| F|  |TAMS 0x0000000708600000, 0x0000000708600000| Untracked 
|   8|0x0000000708800000, 0x0000000708800000, 0x0000000708a00000|  0%| F|  |TAMS 0x0000000708800000, 0x0000000708800000| Untracked 
|   9|0x0000000708a00000, 0x0000000708a00000, 0x0000000708c00000|  0%| F|  |TAMS 0x0000000708a00000, 0x0000000708a00000| Untracked 
|  10|0x0000000708c00000, 0x0000000708c00000, 0x0000000708e00000|  0%| F|  |TAMS 0x0000000708c00000, 0x0000000708c00000| Untracked 
|  11|0x0000000708e00000, 0x0000000708e00000, 0x0000000709000000|  0%| F|  |TAMS 0x0000000708e00000, 0x0000000708e00000| Untracked 
|  12|0x0000000709000000, 0x0000000709000000, 0x0000000709200000|  0%| F|  |TAMS 0x0000000709000000, 0x0000000709000000| Untracked 
|  13|0x0000000709200000, 0x0000000709200000, 0x0000000709400000|  0%| F|  |TAMS 0x0000000709200000, 0x0000000709200000| Untracked 
|  14|0x0000000709400000, 0x0000000709400000, 0x0000000709600000|  0%| F|  |TAMS 0x0000000709400000, 0x0000000709400000| Untracked 
|  15|0x0000000709600000, 0x0000000709600000, 0x0000000709800000|  0%| F|  |TAMS 0x0000000709600000, 0x0000000709600000| Untracked 
|  16|0x0000000709800000, 0x0000000709800000, 0x0000000709a00000|  0%| F|  |TAMS 0x0000000709800000, 0x0000000709800000| Untracked 
|  17|0x0000000709a00000, 0x0000000709a00000, 0x0000000709c00000|  0%| F|  |TAMS 0x0000000709a00000, 0x0000000709a00000| Untracked 
|  18|0x0000000709c00000, 0x0000000709c00000, 0x0000000709e00000|  0%| F|  |TAMS 0x0000000709c00000, 0x0000000709c00000| Untracked 
|  19|0x0000000709e00000, 0x0000000709e00000, 0x000000070a000000|  0%| F|  |TAMS 0x0000000709e00000, 0x0000000709e00000| Untracked 
|  20|0x000000070a000000, 0x000000070a000000, 0x000000070a200000|  0%| F|  |TAMS 0x000000070a000000, 0x000000070a000000| Untracked 
|  21|0x000000070a200000, 0x000000070a200000, 0x000000070a400000|  0%| F|  |TAMS 0x000000070a200000, 0x000000070a200000| Untracked 
|  22|0x000000070a400000, 0x000000070a400000, 0x000000070a600000|  0%| F|  |TAMS 0x000000070a400000, 0x000000070a400000| Untracked 
|  23|0x000000070a600000, 0x000000070a600000, 0x000000070a800000|  0%| F|  |TAMS 0x000000070a600000, 0x000000070a600000| Untracked 
|  24|0x000000070a800000, 0x000000070a800000, 0x000000070aa00000|  0%| F|  |TAMS 0x000000070a800000, 0x000000070a800000| Untracked 
|  25|0x000000070aa00000, 0x000000070aa00000, 0x000000070ac00000|  0%| F|  |TAMS 0x000000070aa00000, 0x000000070aa00000| Untracked 
|  26|0x000000070ac00000, 0x000000070ac00000, 0x000000070ae00000|  0%| F|  |TAMS 0x000000070ac00000, 0x000000070ac00000| Untracked 
|  27|0x000000070ae00000, 0x000000070ae00000, 0x000000070b000000|  0%| F|  |TAMS 0x000000070ae00000, 0x000000070ae00000| Untracked 
|  28|0x000000070b000000, 0x000000070b000000, 0x000000070b200000|  0%| F|  |TAMS 0x000000070b000000, 0x000000070b000000| Untracked 
|  29|0x000000070b200000, 0x000000070b200000, 0x000000070b400000|  0%| F|  |TAMS 0x000000070b200000, 0x000000070b200000| Untracked 
|  30|0x000000070b400000, 0x000000070b400000, 0x000000070b600000|  0%| F|  |TAMS 0x000000070b400000, 0x000000070b400000| Untracked 
|  31|0x000000070b600000, 0x000000070b600000, 0x000000070b800000|  0%| F|  |TAMS 0x000000070b600000, 0x000000070b600000| Untracked 
|  32|0x000000070b800000, 0x000000070b800000, 0x000000070ba00000|  0%| F|  |TAMS 0x000000070b800000, 0x000000070b800000| Untracked 
|  33|0x000000070ba00000, 0x000000070ba00000, 0x000000070bc00000|  0%| F|  |TAMS 0x000000070ba00000, 0x000000070ba00000| Untracked 
|  34|0x000000070bc00000, 0x000000070bc00000, 0x000000070be00000|  0%| F|  |TAMS 0x000000070bc00000, 0x000000070bc00000| Untracked 
|  35|0x000000070be00000, 0x000000070be00000, 0x000000070c000000|  0%| F|  |TAMS 0x000000070be00000, 0x000000070be00000| Untracked 
|  36|0x000000070c000000, 0x000000070c000000, 0x000000070c200000|  0%| F|  |TAMS 0x000000070c000000, 0x000000070c000000| Untracked 
|  37|0x000000070c200000, 0x000000070c200000, 0x000000070c400000|  0%| F|  |TAMS 0x000000070c200000, 0x000000070c200000| Untracked 
|  38|0x000000070c400000, 0x000000070c400000, 0x000000070c600000|  0%| F|  |TAMS 0x000000070c400000, 0x000000070c400000| Untracked 
|  39|0x000000070c600000, 0x000000070c600000, 0x000000070c800000|  0%| F|  |TAMS 0x000000070c600000, 0x000000070c600000| Untracked 
|  40|0x000000070c800000, 0x000000070c800000, 0x000000070ca00000|  0%| F|  |TAMS 0x000000070c800000, 0x000000070c800000| Untracked 
|  41|0x000000070ca00000, 0x000000070ca00000, 0x000000070cc00000|  0%| F|  |TAMS 0x000000070ca00000, 0x000000070ca00000| Untracked 
|  42|0x000000070cc00000, 0x000000070cc00000, 0x000000070ce00000|  0%| F|  |TAMS 0x000000070cc00000, 0x000000070cc00000| Untracked 
|  43|0x000000070ce00000, 0x000000070ce00000, 0x000000070d000000|  0%| F|  |TAMS 0x000000070ce00000, 0x000000070ce00000| Untracked 
|  44|0x000000070d000000, 0x000000070d000000, 0x000000070d200000|  0%| F|  |TAMS 0x000000070d000000, 0x000000070d000000| Untracked 
|  45|0x000000070d200000, 0x000000070d200000, 0x000000070d400000|  0%| F|  |TAMS 0x000000070d200000, 0x000000070d200000| Untracked 
|  46|0x000000070d400000, 0x000000070d400000, 0x000000070d600000|  0%| F|  |TAMS 0x000000070d400000, 0x000000070d400000| Untracked 
|  47|0x000000070d600000, 0x000000070d600000, 0x000000070d800000|  0%| F|  |TAMS 0x000000070d600000, 0x000000070d600000| Untracked 
|  48|0x000000070d800000, 0x000000070d800000, 0x000000070da00000|  0%| F|  |TAMS 0x000000070d800000, 0x000000070d800000| Untracked 
|  49|0x000000070da00000, 0x000000070da00000, 0x000000070dc00000|  0%| F|  |TAMS 0x000000070da00000, 0x000000070da00000| Untracked 
|  50|0x000000070dc00000, 0x000000070dc00000, 0x000000070de00000|  0%| F|  |TAMS 0x000000070dc00000, 0x000000070dc00000| Untracked 
|  51|0x000000070de00000, 0x000000070de00000, 0x000000070e000000|  0%| F|  |TAMS 0x000000070de00000, 0x000000070de00000| Untracked 
|  52|0x000000070e000000, 0x000000070e000000, 0x000000070e200000|  0%| F|  |TAMS 0x000000070e000000, 0x000000070e000000| Untracked 
|  53|0x000000070e200000, 0x000000070e200000, 0x000000070e400000|  0%| F|  |TAMS 0x000000070e200000, 0x000000070e200000| Untracked 
|  54|0x000000070e400000, 0x000000070e400000, 0x000000070e600000|  0%| F|  |TAMS 0x000000070e400000, 0x000000070e400000| Untracked 
|  55|0x000000070e600000, 0x000000070e600000, 0x000000070e800000|  0%| F|  |TAMS 0x000000070e600000, 0x000000070e600000| Untracked 
|  56|0x000000070e800000, 0x000000070e800000, 0x000000070ea00000|  0%| F|  |TAMS 0x000000070e800000, 0x000000070e800000| Untracked 
|  57|0x000000070ea00000, 0x000000070ea00000, 0x000000070ec00000|  0%| F|  |TAMS 0x000000070ea00000, 0x000000070ea00000| Untracked 
|  58|0x000000070ec00000, 0x000000070ec00000, 0x000000070ee00000|  0%| F|  |TAMS 0x000000070ec00000, 0x000000070ec00000| Untracked 
|  59|0x000000070ee00000, 0x000000070ee00000, 0x000000070f000000|  0%| F|  |TAMS 0x000000070ee00000, 0x000000070ee00000| Untracked 
|  60|0x000000070f000000, 0x000000070f000000, 0x000000070f200000|  0%| F|  |TAMS 0x000000070f000000, 0x000000070f000000| Untracked 
|  61|0x000000070f200000, 0x000000070f200000, 0x000000070f400000|  0%| F|  |TAMS 0x000000070f200000, 0x000000070f200000| Untracked 
|  62|0x000000070f400000, 0x000000070f400000, 0x000000070f600000|  0%| F|  |TAMS 0x000000070f400000, 0x000000070f400000| Untracked 
|  63|0x000000070f600000, 0x000000070f600000, 0x000000070f800000|  0%| F|  |TAMS 0x000000070f600000, 0x000000070f600000| Untracked 
|  64|0x000000070f800000, 0x000000070f800000, 0x000000070fa00000|  0%| F|  |TAMS 0x000000070f800000, 0x000000070f800000| Untracked 
|  65|0x000000070fa00000, 0x000000070fa00000, 0x000000070fc00000|  0%| F|  |TAMS 0x000000070fa00000, 0x000000070fa00000| Untracked 
|  66|0x000000070fc00000, 0x000000070fc00000, 0x000000070fe00000|  0%| F|  |TAMS 0x000000070fc00000, 0x000000070fc00000| Untracked 
|  67|0x000000070fe00000, 0x000000070fe00000, 0x0000000710000000|  0%| F|  |TAMS 0x000000070fe00000, 0x000000070fe00000| Untracked 
|  68|0x0000000710000000, 0x0000000710000000, 0x0000000710200000|  0%| F|  |TAMS 0x0000000710000000, 0x0000000710000000| Untracked 
|  69|0x0000000710200000, 0x0000000710200000, 0x0000000710400000|  0%| F|  |TAMS 0x0000000710200000, 0x0000000710200000| Untracked 
|  70|0x0000000710400000, 0x0000000710400000, 0x0000000710600000|  0%| F|  |TAMS 0x0000000710400000, 0x0000000710400000| Untracked 
|  71|0x0000000710600000, 0x0000000710600000, 0x0000000710800000|  0%| F|  |TAMS 0x0000000710600000, 0x0000000710600000| Untracked 
|  72|0x0000000710800000, 0x0000000710800000, 0x0000000710a00000|  0%| F|  |TAMS 0x0000000710800000, 0x0000000710800000| Untracked 
|  73|0x0000000710a00000, 0x0000000710a00000, 0x0000000710c00000|  0%| F|  |TAMS 0x0000000710a00000, 0x0000000710a00000| Untracked 
|  74|0x0000000710c00000, 0x0000000710c00000, 0x0000000710e00000|  0%| F|  |TAMS 0x0000000710c00000, 0x0000000710c00000| Untracked 
|  75|0x0000000710e00000, 0x0000000710e00000, 0x0000000711000000|  0%| F|  |TAMS 0x0000000710e00000, 0x0000000710e00000| Untracked 
|  76|0x0000000711000000, 0x0000000711000000, 0x0000000711200000|  0%| F|  |TAMS 0x0000000711000000, 0x0000000711000000| Untracked 
|  77|0x0000000711200000, 0x0000000711200000, 0x0000000711400000|  0%| F|  |TAMS 0x0000000711200000, 0x0000000711200000| Untracked 
|  78|0x0000000711400000, 0x0000000711400000, 0x0000000711600000|  0%| F|  |TAMS 0x0000000711400000, 0x0000000711400000| Untracked 
|  79|0x0000000711600000, 0x0000000711600000, 0x0000000711800000|  0%| F|  |TAMS 0x0000000711600000, 0x0000000711600000| Untracked 
|  80|0x0000000711800000, 0x0000000711800000, 0x0000000711a00000|  0%| F|  |TAMS 0x0000000711800000, 0x0000000711800000| Untracked 
|  81|0x0000000711a00000, 0x0000000711a00000, 0x0000000711c00000|  0%| F|  |TAMS 0x0000000711a00000, 0x0000000711a00000| Untracked 
|  82|0x0000000711c00000, 0x0000000711c00000, 0x0000000711e00000|  0%| F|  |TAMS 0x0000000711c00000, 0x0000000711c00000| Untracked 
|  83|0x0000000711e00000, 0x0000000711e00000, 0x0000000712000000|  0%| F|  |TAMS 0x0000000711e00000, 0x0000000711e00000| Untracked 
|  84|0x0000000712000000, 0x0000000712000000, 0x0000000712200000|  0%| F|  |TAMS 0x0000000712000000, 0x0000000712000000| Untracked 
|  85|0x0000000712200000, 0x0000000712200000, 0x0000000712400000|  0%| F|  |TAMS 0x0000000712200000, 0x0000000712200000| Untracked 
|  86|0x0000000712400000, 0x0000000712400000, 0x0000000712600000|  0%| F|  |TAMS 0x0000000712400000, 0x0000000712400000| Untracked 
|  87|0x0000000712600000, 0x0000000712600000, 0x0000000712800000|  0%| F|  |TAMS 0x0000000712600000, 0x0000000712600000| Untracked 
|  88|0x0000000712800000, 0x0000000712800000, 0x0000000712a00000|  0%| F|  |TAMS 0x0000000712800000, 0x0000000712800000| Untracked 
|  89|0x0000000712a00000, 0x0000000712a00000, 0x0000000712c00000|  0%| F|  |TAMS 0x0000000712a00000, 0x0000000712a00000| Untracked 
|  90|0x0000000712c00000, 0x0000000712c00000, 0x0000000712e00000|  0%| F|  |TAMS 0x0000000712c00000, 0x0000000712c00000| Untracked 
|  91|0x0000000712e00000, 0x0000000712e00000, 0x0000000713000000|  0%| F|  |TAMS 0x0000000712e00000, 0x0000000712e00000| Untracked 
|  92|0x0000000713000000, 0x0000000713000000, 0x0000000713200000|  0%| F|  |TAMS 0x0000000713000000, 0x0000000713000000| Untracked 
|  93|0x0000000713200000, 0x0000000713200000, 0x0000000713400000|  0%| F|  |TAMS 0x0000000713200000, 0x0000000713200000| Untracked 
|  94|0x0000000713400000, 0x0000000713400000, 0x0000000713600000|  0%| F|  |TAMS 0x0000000713400000, 0x0000000713400000| Untracked 
|  95|0x0000000713600000, 0x0000000713600000, 0x0000000713800000|  0%| F|  |TAMS 0x0000000713600000, 0x0000000713600000| Untracked 
|  96|0x0000000713800000, 0x0000000713800000, 0x0000000713a00000|  0%| F|  |TAMS 0x0000000713800000, 0x0000000713800000| Untracked 
|  97|0x0000000713a00000, 0x0000000713a00000, 0x0000000713c00000|  0%| F|  |TAMS 0x0000000713a00000, 0x0000000713a00000| Untracked 
|  98|0x0000000713c00000, 0x0000000713c00000, 0x0000000713e00000|  0%| F|  |TAMS 0x0000000713c00000, 0x0000000713c00000| Untracked 
|  99|0x0000000713e00000, 0x0000000713e00000, 0x0000000714000000|  0%| F|  |TAMS 0x0000000713e00000, 0x0000000713e00000| Untracked 
| 100|0x0000000714000000, 0x0000000714000000, 0x0000000714200000|  0%| F|  |TAMS 0x0000000714000000, 0x0000000714000000| Untracked 
| 101|0x0000000714200000, 0x0000000714200000, 0x0000000714400000|  0%| F|  |TAMS 0x0000000714200000, 0x0000000714200000| Untracked 
| 102|0x0000000714400000, 0x0000000714400000, 0x0000000714600000|  0%| F|  |TAMS 0x0000000714400000, 0x0000000714400000| Untracked 
| 103|0x0000000714600000, 0x0000000714600000, 0x0000000714800000|  0%| F|  |TAMS 0x0000000714600000, 0x0000000714600000| Untracked 
| 104|0x0000000714800000, 0x0000000714800000, 0x0000000714a00000|  0%| F|  |TAMS 0x0000000714800000, 0x0000000714800000| Untracked 
| 105|0x0000000714a00000, 0x0000000714a00000, 0x0000000714c00000|  0%| F|  |TAMS 0x0000000714a00000, 0x0000000714a00000| Untracked 
| 106|0x0000000714c00000, 0x0000000714c00000, 0x0000000714e00000|  0%| F|  |TAMS 0x0000000714c00000, 0x0000000714c00000| Untracked 
| 107|0x0000000714e00000, 0x0000000714e00000, 0x0000000715000000|  0%| F|  |TAMS 0x0000000714e00000, 0x0000000714e00000| Untracked 
| 108|0x0000000715000000, 0x0000000715000000, 0x0000000715200000|  0%| F|  |TAMS 0x0000000715000000, 0x0000000715000000| Untracked 
| 109|0x0000000715200000, 0x0000000715200000, 0x0000000715400000|  0%| F|  |TAMS 0x0000000715200000, 0x0000000715200000| Untracked 
| 110|0x0000000715400000, 0x0000000715400000, 0x0000000715600000|  0%| F|  |TAMS 0x0000000715400000, 0x0000000715400000| Untracked 
| 111|0x0000000715600000, 0x00000007156b81b0, 0x0000000715800000| 35%| S|CS|TAMS 0x0000000715600000, 0x0000000715600000| Complete 
| 112|0x0000000715800000, 0x0000000715a00000, 0x0000000715a00000|100%| S|CS|TAMS 0x0000000715800000, 0x0000000715800000| Complete 
| 113|0x0000000715a00000, 0x0000000715a00000, 0x0000000715c00000|  0%| F|  |TAMS 0x0000000715a00000, 0x0000000715a00000| Untracked 
| 114|0x0000000715c00000, 0x0000000715c00000, 0x0000000715e00000|  0%| F|  |TAMS 0x0000000715c00000, 0x0000000715c00000| Untracked 
| 115|0x0000000715e00000, 0x0000000715e00000, 0x0000000716000000|  0%| F|  |TAMS 0x0000000715e00000, 0x0000000715e00000| Untracked 
| 116|0x0000000716000000, 0x0000000716000000, 0x0000000716200000|  0%| F|  |TAMS 0x0000000716000000, 0x0000000716000000| Untracked 
| 117|0x0000000716200000, 0x0000000716200000, 0x0000000716400000|  0%| F|  |TAMS 0x0000000716200000, 0x0000000716200000| Untracked 
| 118|0x0000000716400000, 0x0000000716400000, 0x0000000716600000|  0%| F|  |TAMS 0x0000000716400000, 0x0000000716400000| Untracked 
| 119|0x0000000716600000, 0x0000000716600000, 0x0000000716800000|  0%| F|  |TAMS 0x0000000716600000, 0x0000000716600000| Untracked 
| 120|0x0000000716800000, 0x0000000716800000, 0x0000000716a00000|  0%| F|  |TAMS 0x0000000716800000, 0x0000000716800000| Untracked 
| 121|0x0000000716a00000, 0x0000000716a00000, 0x0000000716c00000|  0%| F|  |TAMS 0x0000000716a00000, 0x0000000716a00000| Untracked 
| 122|0x0000000716c00000, 0x0000000716c00000, 0x0000000716e00000|  0%| F|  |TAMS 0x0000000716c00000, 0x0000000716c00000| Untracked 
| 123|0x0000000716e00000, 0x0000000716e00000, 0x0000000717000000|  0%| F|  |TAMS 0x0000000716e00000, 0x0000000716e00000| Untracked 
| 124|0x0000000717000000, 0x00000007171f56d0, 0x0000000717200000| 97%| E|  |TAMS 0x0000000717000000, 0x0000000717000000| Complete 

Card table byte_map: [0x00007fc623575000,0x00007fc623d39000] _byte_map_base: 0x00007fc61fd39000

Marking Bits (Prev, Next): (CMBitMap*) 0x00007fc6280931f0, (CMBitMap*) 0x00007fc6280931b0
 Prev Bits: [0x00007fc61b171000, 0x00007fc61ef91000)
 Next Bits: [0x00007fc61ef91000, 0x00007fc622db1000)

Polling page: 0x00007fc630978000

Metaspace:

Usage:
  Non-class:     18.55 MB used.
      Class:      2.46 MB used.
       Both:     21.01 MB used.

Virtual space:
  Non-class space:       64.00 MB reserved,      18.69 MB ( 29%) committed,  1 nodes.
      Class space:        1.00 GB reserved,       2.62 MB ( <1%) committed,  1 nodes.
             Both:        1.06 GB reserved,      21.31 MB (  2%) committed. 

Chunk freelists:
   Non-Class:  13.16 MB
       Class:  13.41 MB
        Both:  26.56 MB

MaxMetaspaceSize: unlimited
CompressedClassSpaceSize: 1.00 GB
Initial GC threshold: 21.00 MB
Current GC threshold: 21.31 MB
CDS: off
MetaspaceReclaimPolicy: balanced
 - commit_granule_bytes: 65536.
 - commit_granule_words: 8192.
 - virtual_space_node_default_size: 8388608.
 - enlarge_chunks_in_place: 1.
 - new_chunks_are_fully_committed: 0.
 - uncommit_free_chunks: 1.
 - use_allocation_guard: 0.
 - handle_deallocations: 1.


Internal statistics:

num_allocs_failed_limit: 5.
num_arena_births: 284.
num_arena_deaths: 0.
num_vsnodes_births: 2.
num_vsnodes_deaths: 0.
num_space_committed: 341.
num_space_uncommitted: 0.
num_chunks_returned_to_freelist: 5.
num_chunks_taken_from_freelist: 679.
num_chunk_merges: 5.
num_chunk_splits: 417.
num_chunks_enlarged: 264.
num_inconsistent_stats: 0.

CodeCache: size=49152Kb used=4924Kb max_used=4924Kb free=44227Kb
 bounds [0x00007fc62c100000, 0x00007fc62c5d0000, 0x00007fc62f100000]
 total_blobs=2296 nmethods=1837 adapters=385
 compilation: enabled
              stopped_count=0, restarted_count=0
 full_count=0

Compilation events (20 events):
Event: 1.097 Thread 0x00007fc5dc034c70 nmethod 1827 0x00007fc62c5cab90 code [0x00007fc62c5cad20, 0x00007fc62c5cadf0]
Event: 1.101 Thread 0x00007fc62820cca0 1828   !   1       java.lang.ref.ReferenceQueue::remove (125 bytes)
Event: 1.102 Thread 0x00007fc62820cca0 nmethod 1828 0x00007fc62c5cae90 code [0x00007fc62c5cb080, 0x00007fc62c5cb550]
Event: 1.102 Thread 0x00007fc5dc0336c0 1829   !   1       jdk.internal.ref.PhantomCleanable::isListEmpty (34 bytes)
Event: 1.102 Thread 0x00007fc5dc0336c0 nmethod 1829 0x00007fc62c5cbb90 code [0x00007fc62c5cbd20, 0x00007fc62c5cbed0]
Event: 1.102 Thread 0x00007fc5dc0336c0 1830       1       jdk.internal.misc.InnocuousThread::eraseThreadLocals (23 bytes)
Event: 1.102 Thread 0x00007fc5dc0336c0 nmethod 1830 0x00007fc62c5cc010 code [0x00007fc62c5cc1a0, 0x00007fc62c5cc330]
Event: 1.102 Thread 0x00007fc5dc0336c0 1831       1       java.lang.invoke.MethodHandleNatives$CallSiteContext::run (5 bytes)
Event: 1.102 Thread 0x00007fc5dc0336c0 nmethod 1831 0x00007fc62c5cc390 code [0x00007fc62c5cc520, 0x00007fc62c5cc600]
Event: 1.105 Thread 0x00007fc5dc0336c0 1833       1       sun.reflect.generics.parser.SignatureParser::parseFieldTypeSignature (6 bytes)
Event: 1.105 Thread 0x00007fc62820cca0 1834       1       sun.reflect.generics.parser.SignatureParser::parseFieldTypeSignature (73 bytes)
Event: 1.105 Thread 0x00007fc5dc0336c0 nmethod 1833 0x00007fc62c5cc690 code [0x00007fc62c5cc820, 0x00007fc62c5cc900]
Event: 1.105 Thread 0x00007fc5dc0336c0 1835       1       jdk.internal.loader.AbstractClassLoaderValue$Sub::parent (5 bytes)
Event: 1.105 Thread 0x00007fc5dc0336c0 nmethod 1835 0x00007fc62c5cc990 code [0x00007fc62c5ccb20, 0x00007fc62c5ccbf0]
Event: 1.105 Thread 0x00007fc62820cca0 nmethod 1834 0x00007fc62c5ccc90 code [0x00007fc62c5ccec0, 0x00007fc62c5cd220]
Event: 1.105 Thread 0x00007fc5dc0336c0 1836   !   1       java.util.concurrent.ConcurrentHashMap::replaceNode (437 bytes)
Event: 1.106 Thread 0x00007fc62820cca0 1837       1       java.util.concurrent.ConcurrentHashMap::remove (8 bytes)
Event: 1.106 Thread 0x00007fc5dc0336c0 nmethod 1836 0x00007fc62c5cd410 code [0x00007fc62c5cd6c0, 0x00007fc62c5ce550]
Event: 1.106 Thread 0x00007fc62820cca0 nmethod 1837 0x00007fc62c5cf010 code [0x00007fc62c5cf1c0, 0x00007fc62c5cf2a0]
Event: 1.106 Thread 0x00007fc5dc034c70 1838       1       jdk.internal.org.objectweb.asm.Frame::merge (395 bytes)

GC Heap History (6 events):
Event: 0.568 GC heap before
{Heap before GC invocations=0 (full 0):
 garbage-first heap   total 256000K, used 10240K [0x0000000707800000, 0x0000000800000000)
  region size 2048K, 6 young (12288K), 0 survivors (0K)
 Metaspace       used 12679K, committed 12864K, reserved 1114112K
  class space    used 1309K, committed 1408K, reserved 1048576K
}
Event: 0.572 GC heap after
{Heap after GC invocations=1 (full 0):
 garbage-first heap   total 256000K, used 6192K [0x0000000707800000, 0x0000000800000000)
  region size 2048K, 1 young (2048K), 1 survivors (2048K)
 Metaspace       used 12679K, committed 12864K, reserved 1114112K
  class space    used 1309K, committed 1408K, reserved 1048576K
}
Event: 0.741 GC heap before
{Heap before GC invocations=1 (full 0):
 garbage-first heap   total 256000K, used 14384K [0x0000000707800000, 0x0000000800000000)
  region size 2048K, 6 young (12288K), 1 survivors (2048K)
 Metaspace       used 16308K, committed 16576K, reserved 1114112K
  class space    used 1771K, committed 1920K, reserved 1048576K
}
Event: 0.746 GC heap after
{Heap after GC invocations=2 (full 0):
 garbage-first heap   total 256000K, used 7367K [0x0000000707800000, 0x0000000800000000)
  region size 2048K, 1 young (2048K), 1 survivors (2048K)
 Metaspace       used 16308K, committed 16576K, reserved 1114112K
  class space    used 1771K, committed 1920K, reserved 1048576K
}
Event: 1.097 GC heap before
{Heap before GC invocations=2 (full 0):
 garbage-first heap   total 256000K, used 27847K [0x0000000707800000, 0x0000000800000000)
  region size 2048K, 12 young (24576K), 1 survivors (2048K)
 Metaspace       used 21274K, committed 21504K, reserved 1114112K
  class space    used 2488K, committed 2624K, reserved 1048576K
}
Event: 1.101 GC heap after
{Heap after GC invocations=3 (full 0):
 garbage-first heap   total 256000K, used 8899K [0x0000000707800000, 0x0000000800000000)
  region size 2048K, 2 young (4096K), 2 survivors (4096K)
 Metaspace       used 21274K, committed 21504K, reserved 1114112K
  class space    used 2488K, committed 2624K, reserved 1048576K
}

Dll operation events (8 events):
Event: 0.003 Loaded shared library /opt/STS4/plugins/org.eclipse.justj.openjdk.hotspot.jre.full.linux.x86_64_17.0.8.v20230831-1047/jre/lib/libjava.so
Event: 0.175 Loaded shared library /opt/STS4/plugins/org.eclipse.justj.openjdk.hotspot.jre.full.linux.x86_64_17.0.8.v20230831-1047/jre/lib/libnio.so
Event: 0.177 Loaded shared library /opt/STS4/plugins/org.eclipse.justj.openjdk.hotspot.jre.full.linux.x86_64_17.0.8.v20230831-1047/jre/lib/libjimage.so
Event: 0.192 Loaded shared library /opt/STS4/plugins/org.eclipse.justj.openjdk.hotspot.jre.full.linux.x86_64_17.0.8.v20230831-1047/jre/lib/libzip.so
Event: 0.255 Loaded shared library /opt/STS4/plugins/org.eclipse.justj.openjdk.hotspot.jre.full.linux.x86_64_17.0.8.v20230831-1047/jre/lib/libmanagement.so
Event: 0.276 Loaded shared library /opt/STS4/plugins/org.eclipse.justj.openjdk.hotspot.jre.full.linux.x86_64_17.0.8.v20230831-1047/jre/lib/libmanagement_ext.so
Event: 0.365 Loaded shared library /opt/STS4/plugins/org.eclipse.justj.openjdk.hotspot.jre.full.linux.x86_64_17.0.8.v20230831-1047/jre/lib/libnet.so
Event: 0.529 Loaded shared library /opt/STS4/plugins/org.eclipse.justj.openjdk.hotspot.jre.full.linux.x86_64_17.0.8.v20230831-1047/jre/lib/libextnet.so

Deoptimization events (0 events):
No events

Classes unloaded (0 events):
No events

Classes redefined (0 events):
No events

Internal exceptions (20 events):
Event: 0.881 Thread 0x00007fc6280284c0 Exception <a 'java/lang/NoSuchMethodError'{0x0000000716b8c8c0}: 'java.lang.Object java.lang.invoke.DirectMethodHandle$Holder.invokeSpecial(java.lang.Object, java.lang.Object, java.lang.Object, java.lang.Object, java.lang.Object, java.lang.Object, int)'> (0x0000000716b8c8c0) 
thrown [src/hotspot/share/interpreter/linkResolver.cpp, line 758]
Event: 0.881 Thread 0x00007fc6280284c0 Exception <a 'java/lang/NoSuchMethodError'{0x0000000716b96e28}: 'java.lang.Object java.lang.invoke.DirectMethodHandle$Holder.newInvokeSpecial(java.lang.Object, java.lang.Object, java.lang.Object, java.lang.Object, java.lang.Object, java.lang.Object, int)'> (0x0000000716b96e28) 
thrown [src/hotspot/share/interpreter/linkResolver.cpp, line 758]
Event: 0.882 Thread 0x00007fc6280284c0 Exception <a 'java/lang/NoSuchMethodError'{0x0000000716b9be68}: 'java.lang.Object java.lang.invoke.DirectMethodHandle$Holder.invokeSpecial(java.lang.Object, java.lang.Object, java.lang.Object, java.lang.Object, java.lang.Object, java.lang.Object, java.lang.Object, int)'> (0x0000000716b9be68) 
thrown [src/hotspot/share/interpreter/linkResolver.cpp, line 758]
Event: 0.914 Thread 0x00007fc6280284c0 Exception <a 'java/lang/NoSuchMethodError'{0x000000071693b970}: 'int java.lang.invoke.DirectMethodHandle$Holder.invokeVirtual(java.lang.Object, java.lang.Object)'> (0x000000071693b970) 
thrown [src/hotspot/share/interpreter/linkResolver.cpp, line 758]
Event: 0.926 Thread 0x00007fc6280284c0 Exception <a 'java/lang/NoSuchMethodError'{0x00000007169f80e8}: 'java.lang.Object java.lang.invoke.DirectMethodHandle$Holder.invokeSpecial(java.lang.Object, java.lang.Object, java.lang.Object, int, java.lang.Object)'> (0x00000007169f80e8) 
thrown [src/hotspot/share/interpreter/linkResolver.cpp, line 758]
Event: 0.927 Thread 0x00007fc6280284c0 Exception <a 'java/lang/NoSuchMethodError'{0x00000007164006c0}: 'java.lang.Object java.lang.invoke.DirectMethodHandle$Holder.newInvokeSpecial(java.lang.Object, java.lang.Object, java.lang.Object, int, java.lang.Object)'> (0x00000007164006c0) 
thrown [src/hotspot/share/interpreter/linkResolver.cpp, line 758]
Event: 0.928 Thread 0x00007fc6280284c0 Exception <a 'java/lang/NoSuchMethodError'{0x00000007164169d0}: 'java.lang.Object java.lang.invoke.DirectMethodHandle$Holder.newInvokeSpecial(java.lang.Object, int, java.lang.Object)'> (0x00000007164169d0) 
thrown [src/hotspot/share/interpreter/linkResolver.cpp, line 758]
Event: 0.928 Thread 0x00007fc6280284c0 Exception <a 'java/lang/NoSuchMethodError'{0x000000071641a9a0}: 'int java.lang.invoke.DirectMethodHandle$Holder.invokeSpecialIFC(java.lang.Object, java.lang.Object, java.lang.Object, java.lang.Object)'> (0x000000071641a9a0) 
thrown [src/hotspot/share/interpreter/linkResolver.cpp, line 758]
Event: 0.942 Thread 0x00007fc6280284c0 Exception <a 'java/lang/NoSuchMethodError'{0x000000071650f218}: 'void java.lang.invoke.DirectMethodHandle$Holder.invokeInterface(java.lang.Object, java.lang.Object, java.lang.Object)'> (0x000000071650f218) 
thrown [src/hotspot/share/interpreter/linkResolver.cpp, line 758]
Event: 0.963 Thread 0x00007fc6280284c0 Exception <a 'java/lang/NoSuchMethodError'{0x000000071625b9b0}: 'void java.lang.invoke.DirectMethodHandle$Holder.invokeStatic(java.lang.Object, java.lang.Object, int)'> (0x000000071625b9b0) 
thrown [src/hotspot/share/interpreter/linkResolver.cpp, line 758]
Event: 0.964 Thread 0x00007fc6280284c0 Exception <a 'java/lang/NoSuchMethodError'{0x0000000716263740}: 'void java.lang.invoke.DirectMethodHandle$Holder.invokeStaticInit(java.lang.Object, java.lang.Object)'> (0x0000000716263740) 
thrown [src/hotspot/share/interpreter/linkResolver.cpp, line 758]
Event: 0.966 Thread 0x00007fc6280284c0 Exception <a 'java/lang/NoSuchMethodError'{0x0000000716274090}: 'void java.lang.invoke.DirectMethodHandle$Holder.invokeStaticInit(java.lang.Object, java.lang.Object, java.lang.Object)'> (0x0000000716274090) 
thrown [src/hotspot/share/interpreter/linkResolver.cpp, line 758]
Event: 0.969 Thread 0x00007fc6280284c0 Exception <a 'java/lang/NoSuchMethodError'{0x00000007162b0ce8}: 'java.lang.Object java.lang.invoke.DirectMethodHandle$Holder.invokeStatic(java.lang.Object, java.lang.Object, long, java.lang.Object)'> (0x00000007162b0ce8) 
thrown [src/hotspot/share/interpreter/linkResolver.cpp, line 758]
Event: 0.969 Thread 0x00007fc6280284c0 Exception <a 'java/lang/NoSuchMethodError'{0x00000007162b4780}: 'java.lang.Object java.lang.invoke.DirectMethodHandle$Holder.invokeStaticInit(java.lang.Object, java.lang.Object, long, java.lang.Object)'> (0x00000007162b4780) 
thrown [src/hotspot/share/interpreter/linkResolver.cpp, line 758]
Event: 0.969 Thread 0x00007fc6280284c0 Exception <a 'java/lang/NoSuchMethodError'{0x00000007162bad90}: 'java.lang.Object java.lang.invoke.DirectMethodHandle$Holder.newInvokeSpecial(java.lang.Object, java.lang.Object, long)'> (0x00000007162bad90) 
thrown [src/hotspot/share/interpreter/linkResolver.cpp, line 758]
Event: 0.977 Thread 0x00007fc6280284c0 Exception <a 'java/lang/NoSuchMethodError'{0x0000000716316dc0}: 'void java.lang.invoke.DirectMethodHandle$Holder.invokeVirtual(java.lang.Object, java.lang.Object, java.lang.Object, java.lang.Object)'> (0x0000000716316dc0) 
thrown [src/hotspot/share/interpreter/linkResolver.cpp, line 758]
Event: 1.000 Thread 0x00007fc6280284c0 Exception <a 'java/lang/NoSuchMethodError'{0x0000000716087d78}: 'void java.lang.invoke.DirectMethodHandle$Holder.invokeSpecial(java.lang.Object, java.lang.Object, java.lang.Object)'> (0x0000000716087d78) 
thrown [src/hotspot/share/interpreter/linkResolver.cpp, line 758]
Event: 1.001 Thread 0x00007fc6280284c0 Exception <a 'java/lang/NoSuchMethodError'{0x000000071608e350}: 'void java.lang.invoke.DirectMethodHandle$Holder.invokeSpecial(java.lang.Object, java.lang.Object, java.lang.Object, java.lang.Object, java.lang.Object)'> (0x000000071608e350) 
thrown [src/hotspot/share/interpreter/linkResolver.cpp, line 758]
Event: 1.011 Thread 0x00007fc6280284c0 Exception <a 'java/lang/IncompatibleClassChangeError'{0x00000007160bdab8}: Found class java.lang.Object, but interface was expected> (0x00000007160bdab8) 
thrown [src/hotspot/share/interpreter/linkResolver.cpp, line 826]
Event: 1.011 Thread 0x00007fc6289bd2e0 Exception <a 'java/lang/NoClassDefFoundError'{0x00000007160fa558}: jakarta/validation/Validation> (0x00000007160fa558) 
thrown [src/hotspot/share/classfile/systemDictionary.cpp, line 245]

VM Operations (20 events):
Event: 0.521 Executing VM operation: HandshakeAllThreads done
Event: 0.568 Executing VM operation: G1CollectForAllocation
Event: 0.572 Executing VM operation: G1CollectForAllocation done
Event: 0.595 Executing VM operation: HandshakeAllThreads
Event: 0.595 Executing VM operation: HandshakeAllThreads done
Event: 0.738 Executing VM operation: HandshakeAllThreads
Event: 0.738 Executing VM operation: HandshakeAllThreads done
Event: 0.741 Executing VM operation: G1CollectForAllocation
Event: 0.746 Executing VM operation: G1CollectForAllocation done
Event: 0.912 Executing VM operation: HandshakeAllThreads
Event: 0.912 Executing VM operation: HandshakeAllThreads done
Event: 0.998 Executing VM operation: HandshakeAllThreads
Event: 0.998 Executing VM operation: HandshakeAllThreads done
Event: 1.018 Executing VM operation: HandshakeAllThreads
Event: 1.018 Executing VM operation: HandshakeAllThreads done
Event: 1.097 Executing VM operation: CollectForMetadataAllocation
Event: 1.101 Executing VM operation: CollectForMetadataAllocation done
Event: 1.101 Executing VM operation: CollectForMetadataAllocation
Event: 1.101 Executing VM operation: CollectForMetadataAllocation done
Event: 1.107 Executing VM operation: G1PauseRemark

Events (20 events):
Event: 1.066 loading class com/sun/org/apache/xalan/internal/utils/XMLSecurityPropertyManager$Property
Event: 1.066 loading class com/sun/org/apache/xalan/internal/utils/XMLSecurityPropertyManager$Property done
Event: 1.066 loading class jdk/xml/internal/XMLSecurityManager
Event: 1.067 loading class jdk/xml/internal/XMLSecurityManager done
Event: 1.067 loading class jdk/xml/internal/XMLSecurityManager$Limit
Event: 1.067 loading class jdk/xml/internal/XMLSecurityManager$Limit done
Event: 1.067 loading class jdk/xml/internal/XMLSecurityManager$Processor
Event: 1.067 loading class jdk/xml/internal/XMLSecurityManager$Processor done
Event: 1.067 loading class jdk/xml/internal/XMLSecurityManager$NameMap
Event: 1.067 loading class jdk/xml/internal/XMLSecurityManager$NameMap done
Event: 1.067 loading class jdk/xml/internal/JdkProperty
Event: 1.067 loading class jdk/xml/internal/JdkProperty done
Event: 1.070 loading class java/io/NotSerializableException
Event: 1.071 loading class java/io/ObjectStreamException
Event: 1.071 loading class java/io/ObjectStreamException done
Event: 1.071 loading class java/io/NotSerializableException done
Event: 1.079 loading class java/text/DateFormat
Event: 1.079 loading class java/text/DateFormat done
Event: 1.079 loading class java/text/SimpleDateFormat
Event: 1.080 loading class java/text/SimpleDateFormat done


Dynamic libraries:
707800000-717200000 rw-p 00000000 00:00 0 
717200000-800000000 ---p 00000000 00:00 0 
800000000-800010000 rw-p 00000000 00:00 0 
800010000-800030000 rw-p 00000000 00:00 0 
800030000-8000b0000 rw-p 00000000 00:00 0 
8000b0000-8000d0000 rw-p 00000000 00:00 0 
8000d0000-800130000 rw-p 00000000 00:00 0 
800130000-800150000 rw-p 00000000 00:00 0 
800150000-8001b0000 rw-p 00000000 00:00 0 
8001b0000-8001f0000 rw-p 00000000 00:00 0 
8001f0000-8002a0000 rw-p 00000000 00:00 0 
8002a0000-840000000 ---p 00000000 00:00 0 
5620d102a000-5620d102b000 r--p 00000000 08:01 30683713                   /opt/STS4/plugins/org.eclipse.justj.openjdk.hotspot.jre.full.linux.x86_64_17.0.8.v20230831-1047/jre/bin/java
5620d102b000-5620d102c000 r-xp 00001000 08:01 30683713                   /opt/STS4/plugins/org.eclipse.justj.openjdk.hotspot.jre.full.linux.x86_64_17.0.8.v20230831-1047/jre/bin/java
5620d102c000-5620d102d000 r--p 00002000 08:01 30683713                   /opt/STS4/plugins/org.eclipse.justj.openjdk.hotspot.jre.full.linux.x86_64_17.0.8.v20230831-1047/jre/bin/java
5620d102d000-5620d102e000 r--p 00002000 08:01 30683713                   /opt/STS4/plugins/org.eclipse.justj.openjdk.hotspot.jre.full.linux.x86_64_17.0.8.v20230831-1047/jre/bin/java
5620d102e000-5620d102f000 rw-p 00003000 08:01 30683713                   /opt/STS4/plugins/org.eclipse.justj.openjdk.hotspot.jre.full.linux.x86_64_17.0.8.v20230831-1047/jre/bin/java
5620d2b59000-5620d2ba3000 rw-p 00000000 00:00 0                          [heap]
7fc594000000-7fc59408c000 rw-p 00000000 00:00 0 
7fc59408c000-7fc598000000 ---p 00000000 00:00 0 
7fc59c000000-7fc59c021000 rw-p 00000000 00:00 0 
7fc59c021000-7fc5a0000000 ---p 00000000 00:00 0 
7fc5a0000000-7fc5a0021000 rw-p 00000000 00:00 0 
7fc5a0021000-7fc5a4000000 ---p 00000000 00:00 0 
7fc5a4000000-7fc5a4021000 rw-p 00000000 00:00 0 
7fc5a4021000-7fc5a8000000 ---p 00000000 00:00 0 
7fc5a8000000-7fc5a8021000 rw-p 00000000 00:00 0 
7fc5a8021000-7fc5ac000000 ---p 00000000 00:00 0 
7fc5ac000000-7fc5ac021000 rw-p 00000000 00:00 0 
7fc5ac021000-7fc5b0000000 ---p 00000000 00:00 0 
7fc5b0000000-7fc5b0021000 rw-p 00000000 00:00 0 
7fc5b0021000-7fc5b4000000 ---p 00000000 00:00 0 
7fc5b4000000-7fc5b4021000 rw-p 00000000 00:00 0 
7fc5b4021000-7fc5b8000000 ---p 00000000 00:00 0 
7fc5b8000000-7fc5b8021000 rw-p 00000000 00:00 0 
7fc5b8021000-7fc5bc000000 ---p 00000000 00:00 0 
7fc5bc000000-7fc5bc021000 rw-p 00000000 00:00 0 
7fc5bc021000-7fc5c0000000 ---p 00000000 00:00 0 
7fc5c0000000-7fc5c0021000 rw-p 00000000 00:00 0 
7fc5c0021000-7fc5c4000000 ---p 00000000 00:00 0 
7fc5c4000000-7fc5c4021000 rw-p 00000000 00:00 0 
7fc5c4021000-7fc5c8000000 ---p 00000000 00:00 0 
7fc5c8000000-7fc5c8021000 rw-p 00000000 00:00 0 
7fc5c8021000-7fc5cc000000 ---p 00000000 00:00 0 
7fc5cc000000-7fc5cc021000 rw-p 00000000 00:00 0 
7fc5cc021000-7fc5d0000000 ---p 00000000 00:00 0 
7fc5d0000000-7fc5d0021000 rw-p 00000000 00:00 0 
7fc5d0021000-7fc5d4000000 ---p 00000000 00:00 0 
7fc5d4000000-7fc5d4083000 rw-p 00000000 00:00 0 
7fc5d4083000-7fc5d8000000 ---p 00000000 00:00 0 
7fc5d8000000-7fc5d80da000 rw-p 00000000 00:00 0 
7fc5d80da000-7fc5dc000000 ---p 00000000 00:00 0 
7fc5dc000000-7fc5dc2f3000 rw-p 00000000 00:00 0 
7fc5dc2f3000-7fc5e0000000 ---p 00000000 00:00 0 
7fc5e0000000-7fc5e0021000 rw-p 00000000 00:00 0 
7fc5e0021000-7fc5e4000000 ---p 00000000 00:00 0 
7fc5e4000000-7fc5e4021000 rw-p 00000000 00:00 0 
7fc5e4021000-7fc5e8000000 ---p 00000000 00:00 0 
7fc5e8000000-7fc5e8021000 rw-p 00000000 00:00 0 
7fc5e8021000-7fc5ec000000 ---p 00000000 00:00 0 
7fc5ec000000-7fc5ec021000 rw-p 00000000 00:00 0 
7fc5ec021000-7fc5f0000000 ---p 00000000 00:00 0 
7fc5f0000000-7fc5f0021000 rw-p 00000000 00:00 0 
7fc5f0021000-7fc5f4000000 ---p 00000000 00:00 0 
7fc5f6508000-7fc5f68f6000 rw-p 00000000 00:00 0 
7fc5f68f6000-7fc5f68fa000 ---p 00000000 00:00 0 
7fc5f68fa000-7fc5f69f6000 rw-p 00000000 00:00 0 
7fc5f69f6000-7fc5f69fa000 ---p 00000000 00:00 0 
7fc5f69fa000-7fc5f6af6000 rw-p 00000000 00:00 0 
7fc5f6af6000-7fc5f6afa000 ---p 00000000 00:00 0 
7fc5f6afa000-7fc5f6bf6000 rw-p 00000000 00:00 0 
7fc5f6bf6000-7fc5f6bfa000 ---p 00000000 00:00 0 
7fc5f6bfa000-7fc5f6cf6000 rw-p 00000000 00:00 0 
7fc5f6cf6000-7fc5f6cfa000 ---p 00000000 00:00 0 
7fc5f6cfa000-7fc5f6df6000 rw-p 00000000 00:00 0 
7fc5f6df6000-7fc5f6df7000 ---p 00000000 00:00 0 
7fc5f6df7000-7fc5f6ef8000 rw-p 00000000 00:00 0 
7fc5f6ef8000-7fc5f6ef9000 ---p 00000000 00:00 0 
7fc5f6ef9000-7fc5f6ffa000 rw-p 00000000 00:00 0 
7fc5f6ffa000-7fc5f6ffb000 ---p 00000000 00:00 0 
7fc5f6ffb000-7fc5f70fc000 rw-p 00000000 00:00 0 
7fc5f70fc000-7fc5f70fd000 ---p 00000000 00:00 0 
7fc5f70fd000-7fc5f71fe000 rw-p 00000000 00:00 0 
7fc5f71fe000-7fc5f71ff000 ---p 00000000 00:00 0 
7fc5f71ff000-7fc5f7300000 rw-p 00000000 00:00 0 
7fc5f7300000-7fc5f7304000 ---p 00000000 00:00 0 
7fc5f7304000-7fc5f7400000 rw-p 00000000 00:00 0 
7fc5f7400000-7fc5f7404000 ---p 00000000 00:00 0 
7fc5f7404000-7fc5f7500000 rw-p 00000000 00:00 0 
7fc5f7500000-7fc5f7504000 ---p 00000000 00:00 0 
7fc5f7504000-7fc5f7600000 rw-p 00000000 00:00 0 
7fc5f7600000-7fc5f7604000 ---p 00000000 00:00 0 
7fc5f7604000-7fc5f7700000 rw-p 00000000 00:00 0 
7fc5f7700000-7fc5f7704000 ---p 00000000 00:00 0 
7fc5f7704000-7fc5f7800000 rw-p 00000000 00:00 0 
7fc5f7800000-7fc5f7804000 ---p 00000000 00:00 0 
7fc5f7804000-7fc5f7900000 rw-p 00000000 00:00 0 
7fc5f7900000-7fc5f7904000 ---p 00000000 00:00 0 
7fc5f7904000-7fc5f7a00000 rw-p 00000000 00:00 0 
7fc5f7a00000-7fc5f7f73000 r--p 00000000 08:01 3442249                    /usr/lib/locale/locale-archive
7fc5f8000000-7fc5f8021000 rw-p 00000000 00:00 0 
7fc5f8021000-7fc5fc000000 ---p 00000000 00:00 0 
7fc5fc000000-7fc5fc021000 rw-p 00000000 00:00 0 
7fc5fc021000-7fc600000000 ---p 00000000 00:00 0 
7fc600000000-7fc6004f0000 rw-p 00000000 00:00 0 
7fc6004f0000-7fc600510000 rw-p 00000000 00:00 0 
7fc600510000-7fc600530000 rw-p 00000000 00:00 0 
7fc600530000-7fc600570000 rw-p 00000000 00:00 0 
7fc600570000-7fc6006f0000 rw-p 00000000 00:00 0 
7fc6006f0000-7fc600710000 rw-p 00000000 00:00 0 
7fc600710000-7fc600730000 rw-p 00000000 00:00 0 
7fc600730000-7fc600770000 rw-p 00000000 00:00 0 
7fc600770000-7fc6008f0000 rw-p 00000000 00:00 0 
7fc6008f0000-7fc600910000 rw-p 00000000 00:00 0 
7fc600910000-7fc600930000 rw-p 00000000 00:00 0 
7fc600930000-7fc600970000 rw-p 00000000 00:00 0 
7fc600970000-7fc600af0000 rw-p 00000000 00:00 0 
7fc600af0000-7fc600b70000 rw-p 00000000 00:00 0 
7fc600b70000-7fc600bf0000 rw-p 00000000 00:00 0 
7fc600bf0000-7fc600cf0000 rw-p 00000000 00:00 0 
7fc600cf0000-7fc600df0000 rw-p 00000000 00:00 0 
7fc600df0000-7fc600ef0000 rw-p 00000000 00:00 0 
7fc600ef0000-7fc600fd0000 rw-p 00000000 00:00 0 
7fc600fd0000-7fc601000000 ---p 00000000 00:00 0 
7fc601000000-7fc6012e0000 rw-p 00000000 00:00 0 
7fc6012e0000-7fc604000000 ---p 00000000 00:00 0 
7fc604000000-7fc604021000 rw-p 00000000 00:00 0 
7fc604021000-7fc608000000 ---p 00000000 00:00 0 
7fc608000000-7fc608021000 rw-p 00000000 00:00 0 
7fc608021000-7fc60c000000 ---p 00000000 00:00 0 
7fc60c000000-7fc60c021000 rw-p 00000000 00:00 0 
7fc60c021000-7fc610000000 ---p 00000000 00:00 0 
7fc610000000-7fc610021000 rw-p 00000000 00:00 0 
7fc610021000-7fc614000000 ---p 00000000 00:00 0 
7fc614000000-7fc614021000 rw-p 00000000 00:00 0 
7fc614021000-7fc618000000 ---p 00000000 00:00 0 
7fc618018000-7fc618049000 rw-p 00000000 00:00 0 
7fc618049000-7fc61804d000 r--p 00000000 08:01 30683778                   /opt/STS4/plugins/org.eclipse.justj.openjdk.hotspot.jre.full.linux.x86_64_17.0.8.v20230831-1047/jre/lib/libnet.so
7fc61804d000-7fc61805b000 r-xp 00004000 08:01 30683778                   /opt/STS4/plugins/org.eclipse.justj.openjdk.hotspot.jre.full.linux.x86_64_17.0.8.v20230831-1047/jre/lib/libnet.so
7fc61805b000-7fc61805f000 r--p 00012000 08:01 30683778                   /opt/STS4/plugins/org.eclipse.justj.openjdk.hotspot.jre.full.linux.x86_64_17.0.8.v20230831-1047/jre/lib/libnet.so
7fc61805f000-7fc618060000 r--p 00015000 08:01 30683778                   /opt/STS4/plugins/org.eclipse.justj.openjdk.hotspot.jre.full.linux.x86_64_17.0.8.v20230831-1047/jre/lib/libnet.so
7fc618060000-7fc618061000 rw-p 00016000 08:01 30683778                   /opt/STS4/plugins/org.eclipse.justj.openjdk.hotspot.jre.full.linux.x86_64_17.0.8.v20230831-1047/jre/lib/libnet.so
7fc618061000-7fc618065000 ---p 00000000 00:00 0 
7fc618065000-7fc618161000 rw-p 00000000 00:00 0 
7fc618161000-7fc618165000 ---p 00000000 00:00 0 
7fc618165000-7fc618261000 rw-p 00000000 00:00 0 
7fc618261000-7fc618265000 ---p 00000000 00:00 0 
7fc618265000-7fc618361000 rw-p 00000000 00:00 0 
7fc618361000-7fc618365000 ---p 00000000 00:00 0 
7fc618365000-7fc618461000 rw-p 00000000 00:00 0 
7fc618461000-7fc618465000 ---p 00000000 00:00 0 
7fc618465000-7fc618561000 rw-p 00000000 00:00 0 
7fc618561000-7fc618565000 ---p 00000000 00:00 0 
7fc618565000-7fc618661000 rw-p 00000000 00:00 0 
7fc618661000-7fc618665000 ---p 00000000 00:00 0 
7fc618665000-7fc618761000 rw-p 00000000 00:00 0 
7fc618761000-7fc618762000 ---p 00000000 00:00 0 
7fc618762000-7fc618863000 rw-p 00000000 00:00 0 
7fc618863000-7fc618864000 ---p 00000000 00:00 0 
7fc618864000-7fc618965000 rw-p 00000000 00:00 0 
7fc618965000-7fc618966000 ---p 00000000 00:00 0 
7fc618966000-7fc61ae6b000 rw-p 00000000 00:00 0 
7fc61ae6b000-7fc61ae6c000 ---p 00000000 00:00 0 
7fc61ae6c000-7fc61af6d000 rw-p 00000000 00:00 0 
7fc61af6d000-7fc61af6e000 ---p 00000000 00:00 0 
7fc61af6e000-7fc61b06f000 rw-p 00000000 00:00 0 
7fc61b06f000-7fc61b070000 ---p 00000000 00:00 0 
7fc61b070000-7fc61b559000 rw-p 00000000 00:00 0 
7fc61b559000-7fc61ef91000 ---p 00000000 00:00 0 
7fc61ef91000-7fc61f379000 rw-p 00000000 00:00 0 
7fc61f379000-7fc622db1000 ---p 00000000 00:00 0 
7fc622db1000-7fc622e2e000 rw-p 00000000 00:00 0 
7fc622e2e000-7fc623575000 ---p 00000000 00:00 0 
7fc623575000-7fc6235f2000 rw-p 00000000 00:00 0 
7fc6235f2000-7fc623d39000 ---p 00000000 00:00 0 
7fc623d39000-7fc623db6000 rw-p 00000000 00:00 0 
7fc623db6000-7fc6244fd000 ---p 00000000 00:00 0 
7fc6244fd000-7fc624800000 rw-p 00000000 00:00 0 
7fc624800000-7fc627e6b000 r--s 00000000 08:01 30683795                   /opt/STS4/plugins/org.eclipse.justj.openjdk.hotspot.jre.full.linux.x86_64_17.0.8.v20230831-1047/jre/lib/modules
7fc627e7e000-7fc628000000 rw-p 00000000 00:00 0 
7fc628000000-7fc628a2c000 rw-p 00000000 00:00 0 
7fc628a2c000-7fc62c000000 ---p 00000000 00:00 0 
7fc62c00a000-7fc62c011000 r--p 00000000 08:01 30683787                   /opt/STS4/plugins/org.eclipse.justj.openjdk.hotspot.jre.full.linux.x86_64_17.0.8.v20230831-1047/jre/lib/libnio.so
7fc62c011000-7fc62c01a000 r-xp 00007000 08:01 30683787                   /opt/STS4/plugins/org.eclipse.justj.openjdk.hotspot.jre.full.linux.x86_64_17.0.8.v20230831-1047/jre/lib/libnio.so
7fc62c01a000-7fc62c01e000 r--p 00010000 08:01 30683787                   /opt/STS4/plugins/org.eclipse.justj.openjdk.hotspot.jre.full.linux.x86_64_17.0.8.v20230831-1047/jre/lib/libnio.so
7fc62c01e000-7fc62c01f000 ---p 00014000 08:01 30683787                   /opt/STS4/plugins/org.eclipse.justj.openjdk.hotspot.jre.full.linux.x86_64_17.0.8.v20230831-1047/jre/lib/libnio.so
7fc62c01f000-7fc62c020000 r--p 00014000 08:01 30683787                   /opt/STS4/plugins/org.eclipse.justj.openjdk.hotspot.jre.full.linux.x86_64_17.0.8.v20230831-1047/jre/lib/libnio.so
7fc62c020000-7fc62c021000 rw-p 00015000 08:01 30683787                   /opt/STS4/plugins/org.eclipse.justj.openjdk.hotspot.jre.full.linux.x86_64_17.0.8.v20230831-1047/jre/lib/libnio.so
7fc62c021000-7fc62c100000 rw-p 00000000 00:00 0 
7fc62c100000-7fc62c5d0000 rwxp 00000000 00:00 0 
7fc62c5d0000-7fc62f100000 ---p 00000000 00:00 0 
7fc62f100000-7fc62f104000 ---p 00000000 00:00 0 
7fc62f104000-7fc62f200000 rw-p 00000000 00:00 0 
7fc62f200000-7fc62f453000 r--p 00000000 08:01 30683765                   /opt/STS4/plugins/org.eclipse.justj.openjdk.hotspot.jre.full.linux.x86_64_17.0.8.v20230831-1047/jre/lib/server/libjvm.so
7fc62f453000-7fc630175000 r-xp 00253000 08:01 30683765                   /opt/STS4/plugins/org.eclipse.justj.openjdk.hotspot.jre.full.linux.x86_64_17.0.8.v20230831-1047/jre/lib/server/libjvm.so
7fc630175000-7fc630402000 r--p 00f75000 08:01 30683765                   /opt/STS4/plugins/org.eclipse.justj.openjdk.hotspot.jre.full.linux.x86_64_17.0.8.v20230831-1047/jre/lib/server/libjvm.so
7fc630402000-7fc6304bb000 r--p 01201000 08:01 30683765                   /opt/STS4/plugins/org.eclipse.justj.openjdk.hotspot.jre.full.linux.x86_64_17.0.8.v20230831-1047/jre/lib/server/libjvm.so
7fc6304bb000-7fc6304f0000 rw-p 012ba000 08:01 30683765                   /opt/STS4/plugins/org.eclipse.justj.openjdk.hotspot.jre.full.linux.x86_64_17.0.8.v20230831-1047/jre/lib/server/libjvm.so
7fc6304f0000-7fc63054a000 rw-p 00000000 00:00 0 
7fc630550000-7fc630557000 r--s 00000000 08:01 3410397                    /usr/lib/x86_64-linux-gnu/gconv/gconv-modules.cache
7fc630557000-7fc630561000 rw-p 00000000 00:00 0 
7fc630561000-7fc6305b7000 ---p 00000000 00:00 0 
7fc6305b7000-7fc6305c4000 r--p 00000000 08:01 30683790                   /opt/STS4/plugins/org.eclipse.justj.openjdk.hotspot.jre.full.linux.x86_64_17.0.8.v20230831-1047/jre/lib/libjava.so
7fc6305c4000-7fc6305d6000 r-xp 0000d000 08:01 30683790                   /opt/STS4/plugins/org.eclipse.justj.openjdk.hotspot.jre.full.linux.x86_64_17.0.8.v20230831-1047/jre/lib/libjava.so
7fc6305d6000-7fc6305dc000 r--p 0001f000 08:01 30683790                   /opt/STS4/plugins/org.eclipse.justj.openjdk.hotspot.jre.full.linux.x86_64_17.0.8.v20230831-1047/jre/lib/libjava.so
7fc6305dc000-7fc6305dd000 ---p 00025000 08:01 30683790                   /opt/STS4/plugins/org.eclipse.justj.openjdk.hotspot.jre.full.linux.x86_64_17.0.8.v20230831-1047/jre/lib/libjava.so
7fc6305dd000-7fc6305de000 r--p 00025000 08:01 30683790                   /opt/STS4/plugins/org.eclipse.justj.openjdk.hotspot.jre.full.linux.x86_64_17.0.8.v20230831-1047/jre/lib/libjava.so
7fc6305de000-7fc6305df000 rw-p 00026000 08:01 30683790                   /opt/STS4/plugins/org.eclipse.justj.openjdk.hotspot.jre.full.linux.x86_64_17.0.8.v20230831-1047/jre/lib/libjava.so
7fc6305df000-7fc6305e0000 rw-p 00000000 00:00 0 
7fc6305e0000-7fc6305e4000 r--p 00000000 08:01 30683777                   /opt/STS4/plugins/org.eclipse.justj.openjdk.hotspot.jre.full.linux.x86_64_17.0.8.v20230831-1047/jre/lib/libjimage.so
7fc6305e4000-7fc6305f7000 r-xp 00004000 08:01 30683777                   /opt/STS4/plugins/org.eclipse.justj.openjdk.hotspot.jre.full.linux.x86_64_17.0.8.v20230831-1047/jre/lib/libjimage.so
7fc6305f7000-7fc6305fd000 r--p 00017000 08:01 30683777                   /opt/STS4/plugins/org.eclipse.justj.openjdk.hotspot.jre.full.linux.x86_64_17.0.8.v20230831-1047/jre/lib/libjimage.so
7fc6305fd000-7fc6305ff000 r--p 0001c000 08:01 30683777                   /opt/STS4/plugins/org.eclipse.justj.openjdk.hotspot.jre.full.linux.x86_64_17.0.8.v20230831-1047/jre/lib/libjimage.so
7fc6305ff000-7fc630600000 rw-p 0001e000 08:01 30683777                   /opt/STS4/plugins/org.eclipse.justj.openjdk.hotspot.jre.full.linux.x86_64_17.0.8.v20230831-1047/jre/lib/libjimage.so
7fc630600000-7fc630628000 r--p 00000000 08:01 3410022                    /usr/lib/x86_64-linux-gnu/libc.so.6
7fc630628000-7fc6307bd000 r-xp 00028000 08:01 3410022                    /usr/lib/x86_64-linux-gnu/libc.so.6
7fc6307bd000-7fc630815000 r--p 001bd000 08:01 3410022                    /usr/lib/x86_64-linux-gnu/libc.so.6
7fc630815000-7fc630819000 r--p 00214000 08:01 3410022                    /usr/lib/x86_64-linux-gnu/libc.so.6
7fc630819000-7fc63081b000 rw-p 00218000 08:01 3410022                    /usr/lib/x86_64-linux-gnu/libc.so.6
7fc63081b000-7fc630828000 rw-p 00000000 00:00 0 
7fc630828000-7fc630829000 r--p 00000000 08:01 30683780                   /opt/STS4/plugins/org.eclipse.justj.openjdk.hotspot.jre.full.linux.x86_64_17.0.8.v20230831-1047/jre/lib/libextnet.so
7fc630829000-7fc63082a000 r-xp 00001000 08:01 30683780                   /opt/STS4/plugins/org.eclipse.justj.openjdk.hotspot.jre.full.linux.x86_64_17.0.8.v20230831-1047/jre/lib/libextnet.so
7fc63082a000-7fc63082b000 r--p 00002000 08:01 30683780                   /opt/STS4/plugins/org.eclipse.justj.openjdk.hotspot.jre.full.linux.x86_64_17.0.8.v20230831-1047/jre/lib/libextnet.so
7fc63082b000-7fc63082c000 r--p 00002000 08:01 30683780                   /opt/STS4/plugins/org.eclipse.justj.openjdk.hotspot.jre.full.linux.x86_64_17.0.8.v20230831-1047/jre/lib/libextnet.so
7fc63082c000-7fc63082d000 rw-p 00003000 08:01 30683780                   /opt/STS4/plugins/org.eclipse.justj.openjdk.hotspot.jre.full.linux.x86_64_17.0.8.v20230831-1047/jre/lib/libextnet.so
7fc63082d000-7fc63082f000 r--p 00000000 08:01 30683761                   /opt/STS4/plugins/org.eclipse.justj.openjdk.hotspot.jre.full.linux.x86_64_17.0.8.v20230831-1047/jre/lib/libmanagement_ext.so
7fc63082f000-7fc630832000 r-xp 00002000 08:01 30683761                   /opt/STS4/plugins/org.eclipse.justj.openjdk.hotspot.jre.full.linux.x86_64_17.0.8.v20230831-1047/jre/lib/libmanagement_ext.so
7fc630832000-7fc630833000 r--p 00005000 08:01 30683761                   /opt/STS4/plugins/org.eclipse.justj.openjdk.hotspot.jre.full.linux.x86_64_17.0.8.v20230831-1047/jre/lib/libmanagement_ext.so
7fc630833000-7fc630834000 ---p 00006000 08:01 30683761                   /opt/STS4/plugins/org.eclipse.justj.openjdk.hotspot.jre.full.linux.x86_64_17.0.8.v20230831-1047/jre/lib/libmanagement_ext.so
7fc630834000-7fc630835000 r--p 00006000 08:01 30683761                   /opt/STS4/plugins/org.eclipse.justj.openjdk.hotspot.jre.full.linux.x86_64_17.0.8.v20230831-1047/jre/lib/libmanagement_ext.so
7fc630835000-7fc630836000 rw-p 00007000 08:01 30683761                   /opt/STS4/plugins/org.eclipse.justj.openjdk.hotspot.jre.full.linux.x86_64_17.0.8.v20230831-1047/jre/lib/libmanagement_ext.so
7fc630836000-7fc630838000 r--p 00000000 08:01 30683768                   /opt/STS4/plugins/org.eclipse.justj.openjdk.hotspot.jre.full.linux.x86_64_17.0.8.v20230831-1047/jre/lib/libzip.so
7fc630838000-7fc63083c000 r-xp 00002000 08:01 30683768                   /opt/STS4/plugins/org.eclipse.justj.openjdk.hotspot.jre.full.linux.x86_64_17.0.8.v20230831-1047/jre/lib/libzip.so
7fc63083c000-7fc63083e000 r--p 00006000 08:01 30683768                   /opt/STS4/plugins/org.eclipse.justj.openjdk.hotspot.jre.full.linux.x86_64_17.0.8.v20230831-1047/jre/lib/libzip.so
7fc63083e000-7fc63083f000 r--p 00007000 08:01 30683768                   /opt/STS4/plugins/org.eclipse.justj.openjdk.hotspot.jre.full.linux.x86_64_17.0.8.v20230831-1047/jre/lib/libzip.so
7fc63083f000-7fc630840000 rw-p 00008000 08:01 30683768                   /opt/STS4/plugins/org.eclipse.justj.openjdk.hotspot.jre.full.linux.x86_64_17.0.8.v20230831-1047/jre/lib/libzip.so
7fc630840000-7fc63084e000 r--p 00000000 08:01 3410029                    /usr/lib/x86_64-linux-gnu/libm.so.6
7fc63084e000-7fc6308ca000 r-xp 0000e000 08:01 3410029                    /usr/lib/x86_64-linux-gnu/libm.so.6
7fc6308ca000-7fc630925000 r--p 0008a000 08:01 3410029                    /usr/lib/x86_64-linux-gnu/libm.so.6
7fc630925000-7fc630926000 r--p 000e4000 08:01 3410029                    /usr/lib/x86_64-linux-gnu/libm.so.6
7fc630926000-7fc630927000 rw-p 000e5000 08:01 3410029                    /usr/lib/x86_64-linux-gnu/libm.so.6
7fc630927000-7fc630928000 r--p 00000000 08:01 3410071                    /usr/lib/x86_64-linux-gnu/librt.so.1
7fc630928000-7fc630929000 r-xp 00001000 08:01 3410071                    /usr/lib/x86_64-linux-gnu/librt.so.1
7fc630929000-7fc63092a000 r--p 00002000 08:01 3410071                    /usr/lib/x86_64-linux-gnu/librt.so.1
7fc63092a000-7fc63092b000 r--p 00002000 08:01 3410071                    /usr/lib/x86_64-linux-gnu/librt.so.1
7fc63092b000-7fc63092c000 rw-p 00003000 08:01 3410071                    /usr/lib/x86_64-linux-gnu/librt.so.1
7fc63092c000-7fc630930000 rw-p 00000000 00:00 0 
7fc630930000-7fc630931000 r--p 00000000 08:01 3410028                    /usr/lib/x86_64-linux-gnu/libdl.so.2
7fc630931000-7fc630932000 r-xp 00001000 08:01 3410028                    /usr/lib/x86_64-linux-gnu/libdl.so.2
7fc630932000-7fc630933000 r--p 00002000 08:01 3410028                    /usr/lib/x86_64-linux-gnu/libdl.so.2
7fc630933000-7fc630934000 r--p 00002000 08:01 3410028                    /usr/lib/x86_64-linux-gnu/libdl.so.2
7fc630934000-7fc630935000 rw-p 00003000 08:01 3410028                    /usr/lib/x86_64-linux-gnu/libdl.so.2
7fc630935000-7fc630936000 r--p 00000000 08:01 3410065                    /usr/lib/x86_64-linux-gnu/libpthread.so.0
7fc630936000-7fc630937000 r-xp 00001000 08:01 3410065                    /usr/lib/x86_64-linux-gnu/libpthread.so.0
7fc630937000-7fc630938000 r--p 00002000 08:01 3410065                    /usr/lib/x86_64-linux-gnu/libpthread.so.0
7fc630938000-7fc630939000 r--p 00002000 08:01 3410065                    /usr/lib/x86_64-linux-gnu/libpthread.so.0
7fc630939000-7fc63093a000 rw-p 00003000 08:01 3410065                    /usr/lib/x86_64-linux-gnu/libpthread.so.0
7fc63093a000-7fc63093d000 r--p 00000000 08:01 30683794                   /opt/STS4/plugins/org.eclipse.justj.openjdk.hotspot.jre.full.linux.x86_64_17.0.8.v20230831-1047/jre/lib/libjli.so
7fc63093d000-7fc630947000 r-xp 00003000 08:01 30683794                   /opt/STS4/plugins/org.eclipse.justj.openjdk.hotspot.jre.full.linux.x86_64_17.0.8.v20230831-1047/jre/lib/libjli.so
7fc630947000-7fc63094a000 r--p 0000d000 08:01 30683794                   /opt/STS4/plugins/org.eclipse.justj.openjdk.hotspot.jre.full.linux.x86_64_17.0.8.v20230831-1047/jre/lib/libjli.so
7fc63094a000-7fc63094b000 ---p 00010000 08:01 30683794                   /opt/STS4/plugins/org.eclipse.justj.openjdk.hotspot.jre.full.linux.x86_64_17.0.8.v20230831-1047/jre/lib/libjli.so
7fc63094b000-7fc63094c000 r--p 00010000 08:01 30683794                   /opt/STS4/plugins/org.eclipse.justj.openjdk.hotspot.jre.full.linux.x86_64_17.0.8.v20230831-1047/jre/lib/libjli.so
7fc63094c000-7fc63094d000 rw-p 00011000 08:01 30683794                   /opt/STS4/plugins/org.eclipse.justj.openjdk.hotspot.jre.full.linux.x86_64_17.0.8.v20230831-1047/jre/lib/libjli.so
7fc63094d000-7fc63094f000 r--p 00000000 08:01 3436377                    /usr/lib/x86_64-linux-gnu/libz.so.1.2.11
7fc63094f000-7fc630960000 r-xp 00002000 08:01 3436377                    /usr/lib/x86_64-linux-gnu/libz.so.1.2.11
7fc630960000-7fc630966000 r--p 00013000 08:01 3436377                    /usr/lib/x86_64-linux-gnu/libz.so.1.2.11
7fc630966000-7fc630967000 ---p 00019000 08:01 3436377                    /usr/lib/x86_64-linux-gnu/libz.so.1.2.11
7fc630967000-7fc630968000 r--p 00019000 08:01 3436377                    /usr/lib/x86_64-linux-gnu/libz.so.1.2.11
7fc630968000-7fc630969000 rw-p 0001a000 08:01 3436377                    /usr/lib/x86_64-linux-gnu/libz.so.1.2.11
7fc630969000-7fc63096c000 r--p 00000000 08:01 30683796                   /opt/STS4/plugins/org.eclipse.justj.openjdk.hotspot.jre.full.linux.x86_64_17.0.8.v20230831-1047/jre/lib/libmanagement.so
7fc63096c000-7fc63096d000 r-xp 00003000 08:01 30683796                   /opt/STS4/plugins/org.eclipse.justj.openjdk.hotspot.jre.full.linux.x86_64_17.0.8.v20230831-1047/jre/lib/libmanagement.so
7fc63096d000-7fc63096e000 r--p 00004000 08:01 30683796                   /opt/STS4/plugins/org.eclipse.justj.openjdk.hotspot.jre.full.linux.x86_64_17.0.8.v20230831-1047/jre/lib/libmanagement.so
7fc63096e000-7fc63096f000 r--p 00004000 08:01 30683796                   /opt/STS4/plugins/org.eclipse.justj.openjdk.hotspot.jre.full.linux.x86_64_17.0.8.v20230831-1047/jre/lib/libmanagement.so
7fc63096f000-7fc630970000 rw-p 00005000 08:01 30683796                   /opt/STS4/plugins/org.eclipse.justj.openjdk.hotspot.jre.full.linux.x86_64_17.0.8.v20230831-1047/jre/lib/libmanagement.so
7fc630970000-7fc630978000 rw-s 00000000 08:01 63842028                   /tmp/hsperfdata_codecompass/269750
7fc630978000-7fc630979000 ---p 00000000 00:00 0 
7fc630979000-7fc63097a000 r--p 00000000 00:00 0 
7fc63097a000-7fc63097c000 rw-p 00000000 00:00 0 
7fc63097c000-7fc63097e000 r--p 00000000 08:01 3410014                    /usr/lib/x86_64-linux-gnu/ld-linux-x86-64.so.2
7fc63097e000-7fc6309a8000 r-xp 00002000 08:01 3410014                    /usr/lib/x86_64-linux-gnu/ld-linux-x86-64.so.2
7fc6309a8000-7fc6309b3000 r--p 0002c000 08:01 3410014                    /usr/lib/x86_64-linux-gnu/ld-linux-x86-64.so.2
7fc6309b3000-7fc6309b4000 ---p 00000000 00:00 0 
7fc6309b4000-7fc6309b6000 r--p 00037000 08:01 3410014                    /usr/lib/x86_64-linux-gnu/ld-linux-x86-64.so.2
7fc6309b6000-7fc6309b8000 rw-p 00039000 08:01 3410014                    /usr/lib/x86_64-linux-gnu/ld-linux-x86-64.so.2
7ffe6098c000-7ffe609af000 rw-p 00000000 00:00 0                          [stack]
7ffe609cf000-7ffe609d3000 r--p 00000000 00:00 0                          [vvar]
7ffe609d3000-7ffe609d5000 r-xp 00000000 00:00 0                          [vdso]
ffffffffff600000-ffffffffff601000 --xp 00000000 00:00 0                  [vsyscall]


VM Arguments:
jvm_args: -Dcom.sun.management.jmxremote -Dcom.sun.management.jmxremote.port=38547 -Dcom.sun.management.jmxremote.authenticate=false -Dcom.sun.management.jmxremote.ssl=false -Djava.rmi.server.hostname=localhost -Dspring.jmx.enabled=true -Dmanagement.endpoints.jmx.exposure.include=* -Dspring.application.admin.enabled=true -Djava.security.egd=file:/dev/./urandom -XX:TieredStopAtLevel=1 -Dspring.boot.project.name=BarApplication -Dfile.encoding=UTF-8 -Dstdout.encoding=UTF-8 -Dstderr.encoding=UTF-8 -XX:+ShowCodeDetailsInExceptionMessages 
java_command: com.azeem.AzeemApplication --spring.output.ansi.enabled=always
java_class_path (initial): /home/codecompass/Projects/BitBucket/BarApplication/target/classes:/home/codecompass/.m2/repository/org/springframework/boot/spring-boot-starter-data-jpa/3.1.5/spring-boot-starter-data-jpa-3.1.5.jar:/home/codecompass/.m2/repository/org/springframework/boot/spring-boot-starter-aop/3.1.5/spring-boot-starter-aop-3.1.5.jar:/home/codecompass/.m2/repository/org/aspectj/aspectjweaver/1.9.20/aspectjweaver-1.9.20.jar:/home/codecompass/.m2/repository/org/springframework/boot/spring-boot-starter-jdbc/3.1.5/spring-boot-starter-jdbc-3.1.5.jar:/home/codecompass/.m2/repository/com/zaxxer/HikariCP/5.0.1/HikariCP-5.0.1.jar:/home/codecompass/.m2/repository/org/springframework/spring-jdbc/6.0.13/spring-jdbc-6.0.13.jar:/home/codecompass/.m2/repository/org/hibernate/orm/hibernate-core/6.2.13.Final/hibernate-core-6.2.13.Final.jar:/home/codecompass/.m2/repository/jakarta/persistence/jakarta.persistence-api/3.1.0/jakarta.persistence-api-3.1.0.jar:/home/codecompass/.m2/repository/jakarta/transaction/jakarta.transaction-api/2.0.1/jakarta.transaction-api-2.0.1.jar:/home/codecompass/.m2/repository/org/jboss/logging/jboss-logging/3.5.3.Final/jboss-logging-3.5.3.Final.jar:/home/codecompass/.m2/repository/org/hibernate/common/hibernate-commons-annotations/6.0.6.Final/hibernate-commons-annotations-6.0.6.Final.jar:/home/codecompass/.m2/repository/io/smallrye/jandex/3.0.5/jandex-3.0.5.jar:/home/codecompass/.m2/repository/com/fasterxml/classmate/1.5.1/classmate-1.5.1.jar:/home/codecompass/.m2/repository/net/bytebuddy/byte-buddy/1.14.9/byte-buddy-1.14.9.jar:/home/codecompass/.m2/repository/org/glassfish/jaxb/jaxb-runtime/4.0.3/jaxb-runtime-4.0.3.jar:/home/codecompass/.m2/repository/org/glassfish/jaxb/jaxb-core/4.0.3/jaxb-core-4.0.3.jar:/home/codecompass/.m2/repository/org/eclipse/angus/angus-activation/2.0.1/angus-activation-2.0.1.jar:/home/codecompass/.m2/repository/org/glassfish/jaxb/txw2/4.0.3/txw2-4.0.3.jar:/home/codecompass/.m2/repository/com/sun/istack/istack-commons
Launcher Type: SUN_STANDARD

[Global flags]
     intx CICompilerCount                          = 3                                         {product} {ergonomic}
     uint ConcGCThreads                            = 1                                         {product} {ergonomic}
     uint G1ConcRefinementThreads                  = 4                                         {product} {ergonomic}
   size_t G1HeapRegionSize                         = 2097152                                   {product} {ergonomic}
    uintx GCDrainStackTargetSize                   = 64                                        {product} {ergonomic}
   size_t InitialHeapSize                          = 262144000                                 {product} {ergonomic}
     bool ManagementServer                         = true                                      {product} {command line}
   size_t MarkStackSize                            = 4194304                                   {product} {ergonomic}
   size_t MaxHeapSize                              = 4169138176                                {product} {ergonomic}
   size_t MaxNewSize                               = 2499805184                                {product} {ergonomic}
   size_t MinHeapDeltaBytes                        = 2097152                                   {product} {ergonomic}
   size_t MinHeapSize                              = 8388608                                   {product} {ergonomic}
    uintx NonProfiledCodeHeapSize                  = 0                                      {pd product} {ergonomic}
     bool ProfileInterpreter                       = false                                  {pd product} {command line}
    uintx ProfiledCodeHeapSize                     = 0                                      {pd product} {ergonomic}
     bool ShowCodeDetailsInExceptionMessages       = true                                   {manageable} {command line}
   size_t SoftMaxHeapSize                          = 4169138176                             {manageable} {ergonomic}
     intx TieredStopAtLevel                        = 1                                         {product} {command line}
     bool UseCompressedClassPointers               = true                           {product lp64_product} {ergonomic}
     bool UseCompressedOops                        = true                           {product lp64_product} {ergonomic}
     bool UseG1GC                                  = true                                      {product} {ergonomic}

Logging:
Log output configuration:
 #0: stdout all=warning uptime,level,tags
 #1: stderr all=off uptime,level,tags

Environment Variables:
PATH=/usr/local/sbin:/usr/local/bin:/usr/sbin:/usr/bin:/sbin:/bin:/usr/games:/usr/local/games:/snap/bin:/snap/bin:/opt/jdk-18.0.2.1/bin:/opt/STS4:/opt/Postman
USERNAME=codecompass
SHELL=/bin/bash
DISPLAY=:0
LANG=en_IN
TERM=xterm-256color

Active Locale:
LC_ALL=en_IN
LC_COLLATE=en_IN
LC_CTYPE=en_IN
LC_MESSAGES=en_IN
LC_MONETARY=en_IN
LC_NUMERIC=en_IN
LC_TIME=en_IN

Signal Handlers:
   SIGSEGV: crash_handler in libjvm.so, mask=11100100010111111101111111111110, flags=SA_RESTART|SA_SIGINFO, unblocked
    SIGBUS: crash_handler in libjvm.so, mask=11100100010111111101111111111110, flags=SA_RESTART|SA_SIGINFO, unblocked
    SIGFPE: crash_handler in libjvm.so, mask=11100100010111111101111111111110, flags=SA_RESTART|SA_SIGINFO, unblocked
   SIGPIPE: javaSignalHandler in libjvm.so, mask=11100100010111111101111111111110, flags=SA_RESTART|SA_SIGINFO, blocked
   SIGXFSZ: javaSignalHandler in libjvm.so, mask=11100100010111111101111111111110, flags=SA_RESTART|SA_SIGINFO, blocked
    SIGILL: crash_handler in libjvm.so, mask=11100100010111111101111111111110, flags=SA_RESTART|SA_SIGINFO, unblocked
   SIGUSR2: SR_handler in libjvm.so, mask=00100000000000000000000000000000, flags=SA_RESTART|SA_SIGINFO, blocked
    SIGHUP: UserHandler in libjvm.so, mask=11100100010111111101111111111110, flags=SA_RESTART|SA_SIGINFO, blocked
    SIGINT: UserHandler in libjvm.so, mask=11100100010111111101111111111110, flags=SA_RESTART|SA_SIGINFO, blocked
   SIGTERM: UserHandler in libjvm.so, mask=11100100010111111101111111111110, flags=SA_RESTART|SA_SIGINFO, blocked
   SIGQUIT: UserHandler in libjvm.so, mask=11100100010111111101111111111110, flags=SA_RESTART|SA_SIGINFO, blocked
   SIGTRAP: crash_handler in libjvm.so, mask=11100100010111111101111111111110, flags=SA_RESTART|SA_SIGINFO, unblocked


---------------  S Y S T E M  ---------------

OS:
DISTRIB_ID=Ubuntu
DISTRIB_RELEASE=22.04
DISTRIB_CODENAME=jammy
DISTRIB_DESCRIPTION="Ubuntu 22.04.3 LTS"
uname: Linux 6.2.0-36-generic #37~22.04.1-Ubuntu SMP PREEMPT_DYNAMIC Mon Oct  9 15:34:04 UTC 2 x86_64
OS uptime: 4 days 0:37 hours
libc: glibc 2.35 NPTL 2.35 
rlimit (soft/hard): STACK 8192k/infinity , CORE 0k/infinity , NPROC 63299/63299 , NOFILE 1048576/1048576 , AS infinity/infinity , CPU infinity/infinity , DATA infinity/infinity , FSIZE infinity/infinity , MEMLOCK 2035124k/2035124k
load average: 5.60 2.25 1.27

/proc/meminfo:
MemTotal:       16280992 kB
MemFree:         2588564 kB
MemAvailable:    5446768 kB
Buffers:          423300 kB
Cached:          5353452 kB
SwapCached:        61520 kB
Active:          3755220 kB
Inactive:        8327828 kB
Active(anon):    1527916 kB
Inactive(anon):  7669304 kB
Active(file):    2227304 kB
Inactive(file):   658524 kB
Unevictable:      750508 kB
Mlocked:              48 kB
SwapTotal:       2097148 kB
SwapFree:        1417644 kB
Zswap:                 0 kB
Zswapped:              0 kB
Dirty:               808 kB
Writeback:             0 kB
AnonPages:       7017924 kB
Mapped:          1294052 kB
Shmem:           2890924 kB
KReclaimable:     358716 kB
Slab:             585440 kB
SReclaimable:     358716 kB
SUnreclaim:       226724 kB
KernelStack:       31076 kB
PageTables:       123588 kB
SecPageTables:         0 kB
NFS_Unstable:          0 kB
Bounce:                0 kB
WritebackTmp:          0 kB
CommitLimit:    10237644 kB
Committed_AS:   28004912 kB
VmallocTotal:   34359738367 kB
VmallocUsed:       59228 kB
VmallocChunk:          0 kB
Percpu:             4032 kB
HardwareCorrupted:     0 kB
AnonHugePages:         0 kB
ShmemHugePages:        0 kB
ShmemPmdMapped:        0 kB
FileHugePages:         0 kB
FilePmdMapped:         0 kB
HugePages_Total:       0
HugePages_Free:        0
HugePages_Rsvd:        0
HugePages_Surp:        0
Hugepagesize:       2048 kB
Hugetlb:               0 kB
DirectMap4k:      248416 kB
DirectMap2M:    14344192 kB
DirectMap1G:     3145728 kB

/sys/kernel/mm/transparent_hugepage/enabled: always [madvise] never
/sys/kernel/mm/transparent_hugepage/defrag (defrag/compaction efforts parameter): always defer defer+madvise [madvise] never

Process Memory:
Virtual Size: 7582080K (peak: 7643564K)
Resident Set Size: 108288K (peak: 108288K) (anon: 80128K, file: 28160K, shmem: 0K)
Swapped out: 0K
C-Heap outstanding allocations: 29573K, retained: 3130K
glibc malloc tunables: (default)

/proc/sys/kernel/threads-max (system-wide limit on the number of threads): 126598
/proc/sys/vm/max_map_count (maximum number of memory map areas a process may have): 65530
/proc/sys/kernel/pid_max (system-wide limit on number of process identifiers): 4194304

container (cgroup) information:
container_type: cgroupv2
cpu_cpuset_cpus: not supported
cpu_memory_nodes: not supported
active_processor_count: 4
cpu_quota: not supported
cpu_period: not supported
cpu_shares: not supported
memory_limit_in_bytes: unlimited
memory_and_swap_limit_in_bytes: unlimited
memory_soft_limit_in_bytes: unlimited
memory_usage_in_bytes: 1733928 k
memory_max_usage_in_bytes: not supported
memory_swap_current_in_bytes: 300 k
memory_swap_max_limit_in_bytes: unlimited
maximum number of tasks: 18989
current number of tasks: 148

Steal ticks since vm start: 0
Steal ticks percentage since vm start:  0.000

CPU: total 4 (initial active 4) (4 cores per cpu, 1 threads per core) family 6 model 60 stepping 3 microcode 0x28, cx8, cmov, fxsr, mmx, sse, sse2, sse3, ssse3, sse4.1, sse4.2, popcnt, lzcnt, tsc, tscinvbit, avx, avx2, aes, erms, clmul, bmi1, bmi2, fma, vzeroupper, clflush
CPU Model and flags from /proc/cpuinfo:
model name	: Intel(R) Core(TM) i5-4460  CPU @ 3.20GHz
flags		: fpu vme de pse tsc msr pae mce cx8 apic sep mtrr pge mca cmov pat pse36 clflush dts acpi mmx fxsr sse sse2 ss ht tm pbe syscall nx pdpe1gb rdtscp lm constant_tsc arch_perfmon pebs bts rep_good nopl xtopology nonstop_tsc cpuid aperfmperf pni pclmulqdq dtes64 monitor ds_cpl vmx est tm2 ssse3 sdbg fma cx16 xtpr pdcm pcid sse4_1 sse4_2 x2apic movbe popcnt tsc_deadline_timer aes xsave avx f16c rdrand lahf_lm abm cpuid_fault epb invpcid_single pti ssbd ibrs ibpb stibp tpr_shadow vnmi flexpriority ept vpid ept_ad fsgsbase tsc_adjust bmi1 avx2 smep bmi2 erms invpcid xsaveopt dtherm ida arat pln pts md_clear flush_l1d

Online cpus: 0-3
Offline cpus: 
BIOS frequency limitation: <Not Available>
Frequency switch latency (ns): 20000
Available cpu frequencies: <Not Available>
Current governor: schedutil
Core performance/turbo boost: <Not Available>

Memory: 4k page, physical 16280992k(2588564k free), swap 2097148k(1417644k free)
Page Sizes: 4k

vm_info: OpenJDK 64-Bit Server VM (17.0.8.1+1) for linux-amd64 JRE (17.0.8.1+1), built on Aug 24 2023 00:00:00 by "admin" with gcc 10.3.0

END.
