#
# A fatal error has been detected by the Java Runtime Environment:
#
#  SIGSEGV (0xb) at pc=0x00007f3776edafe0, pid=269478, tid=269497
#
# JRE version: OpenJDK Runtime Environment Temurin-17.0.8.1+1 (17.0.8.1+1) (build 17.0.8.1+1)
# Java VM: OpenJDK 64-Bit Server VM Temurin-17.0.8.1+1 (17.0.8.1+1, mixed mode, tiered, compressed oops, compressed class ptrs, g1 gc, linux-amd64)
# Problematic frame:
# V  [libjvm.so+0x4dafe0]  Interval::split_child_at_op_id(int, LIR_OpVisitState::OprMode)+0x0
#
# Core dump will be written. Default location: Core dumps may be processed with "/usr/share/apport/apport -p%p -s%s -c%c -d%d -P%P -u%u -g%g -- %E" (or dumping to /home/codecompass/Projects/BitBucket/BarApplication/core.269478)
#
# If you would like to submit a bug report, please visit:
#   https://github.com/adoptium/adoptium-support/issues
#

---------------  S U M M A R Y ------------

Command Line: -Dmaven.home=EMBEDDED -Dclassworlds.conf=/home/codecompass/Documents/workspace-spring-tool-suite-4-4.20.0.RELEASE/.metadata/.plugins/org.eclipse.m2e.launching/launches/m2conf14818411991399834526.tmp -Dmaven.multiModuleProjectDirectory=/home/codecompass/Projects/BitBucket/BarApplication -Dm2e.build.project.data.socket.port=40737 -Dfile.encoding=UTF-8 -Dstdout.encoding=UTF-8 -Dstderr.encoding=UTF-8 -XX:+ShowCodeDetailsInExceptionMessages org.codehaus.plexus.classworlds.launcher.Launcher -B -Dmaven.test.skip=true -DskipTests -Dstyle.color=always clean install

Host: Intel(R) Core(TM) i5-4460  CPU @ 3.20GHz, 4 cores, 15G, Ubuntu 22.04.3 LTS
Time: Fri Nov 17 03:41:07 2023 IST elapsed time: 1.820447 seconds (0d 0h 0m 1s)

---------------  T H R E A D  ---------------

Current thread (0x00007f3770207d80):  JavaThread "C1 CompilerThread0" daemon [_thread_in_native, id=269497, stack(0x00007f3755000000,0x00007f3755100000)]


Current CompileTask:
C1:   1820 2861       3       org.codehaus.plexus.util.xml.Xpp3DomBuilder::build (413 bytes)

Stack: [0x00007f3755000000,0x00007f3755100000],  sp=0x00007f37550fde48,  free space=1015k
Native frames: (J=compiled Java code, j=interpreted, Vv=VM code, C=native code)
V  [libjvm.so+0x4dafe0]  Interval::split_child_at_op_id(int, LIR_OpVisitState::OprMode)+0x0
V  [libjvm.so+0x4e47d4]  LinearScan::resolve_data_flow()+0x344
V  [libjvm.so+0x4e7ce4]  LinearScan::do_linear_scan()+0x74
V  [libjvm.so+0x469850]  Compilation::emit_lir()+0x580
V  [libjvm.so+0x46a87c]  Compilation::compile_java_method()+0x25c
V  [libjvm.so+0x46ab4a]  Compilation::compile_method()+0x10a
V  [libjvm.so+0x46af23]  Compilation::Compilation(AbstractCompiler*, ciEnv*, ciMethod*, int, BufferBlob*, bool, DirectiveSet*)+0x203
V  [libjvm.so+0x46b980]  Compiler::compile_method(ciEnv*, ciMethod*, int, bool, DirectiveSet*)+0xb0
V  [libjvm.so+0x5df632]  CompileBroker::invoke_compiler_on_method(CompileTask*)+0xef2
V  [libjvm.so+0x5e0448]  CompileBroker::compiler_thread_loop()+0x678
V  [libjvm.so+0xe65584]  JavaThread::thread_main_inner()+0x184
V  [libjvm.so+0xe68d40]  Thread::call_run()+0xc0
V  [libjvm.so+0xc1e681]  thread_native_entry(Thread*)+0xe1


siginfo: si_signo: 11 (SIGSEGV), si_code: 1 (SEGV_MAPERR), si_addr: 0x0000000000000060

Register to memory mapping:

RAX=0x00007f3714466b70 points into unknown readable memory: 0x00007f3720214cf0 | f0 4c 21 20 37 7f 00 00
RBX=0x0000000000000024 is an unknown value
RCX=0x00000000000004c0 is an unknown value
RDX=0x0000000000000002 is an unknown value
RSP=0x00007f37550fde48 is pointing into the stack for thread: 0x00007f3770207d80
RBP=0x00007f37550fdec0 is pointing into the stack for thread: 0x00007f3770207d80
RSI=0x00000000000007ed is an unknown value
RDI=0x0 is NULL
R8 =0x0 is NULL
R9 =0x00007f37140093f0 points into unknown readable memory: 0x7fffffff7fffffff | ff ff ff 7f ff ff ff 7f
R10=0x0000000000000005 is an unknown value
R11=0x0 is NULL
R12=0x00007f37143bf640 points into unknown readable memory: 0x00007f37550fe4b0 | b0 e4 0f 55 37 7f 00 00
R13=0x0000000000000024 is an unknown value
R14=0x00007f377026a420 points into unknown readable memory: 0x0000001000000000 | 00 00 00 00 10 00 00 00
R15=0x0000000000000001 is an unknown value


Registers:
RAX=0x00007f3714466b70, RBX=0x0000000000000024, RCX=0x00000000000004c0, RDX=0x0000000000000002
RSP=0x00007f37550fde48, RBP=0x00007f37550fdec0, RSI=0x00000000000007ed, RDI=0x0000000000000000
R8 =0x0000000000000000, R9 =0x00007f37140093f0, R10=0x0000000000000005, R11=0x0000000000000000
R12=0x00007f37143bf640, R13=0x0000000000000024, R14=0x00007f377026a420, R15=0x0000000000000001
RIP=0x00007f3776edafe0, EFLAGS=0x0000000000010203, CSGSFS=0x002b000000000033, ERR=0x0000000000000004
  TRAPNO=0x000000000000000e

Top of Stack: (sp=0x00007f37550fde48)
0x00007f37550fde48:   00007f3776ee405d 0000000000000006
0x00007f37550fde58:   0000000000000013 00007f37550fdf20
0x00007f37550fde68:   00007f3720153df0 00007f3720154a70
0x00007f37550fde78:   000004c014542d50 00000000000004c0 

Instructions: (pc=0x00007f3776edafe0)
0x00007f3776edaee0:   00 0f 16 05 48 b3 e1 00 48 c7 40 24 00 00 00 00
0x00007f3776edaef0:   c7 40 2c 00 00 00 00 48 8d 05 b2 b2 e1 00 0f 11
0x00007f3776edaf00:   43 28 66 0f 76 c0 48 8b 00 48 c7 43 20 00 00 00
0x00007f3776edaf10:   00 48 c7 43 50 ff ff ff ff 48 89 43 48 48 b8 00
0x00007f3776edaf20:   00 00 00 ff ff ff ff 48 c7 43 60 00 00 00 00 c7
0x00007f3776edaf30:   43 70 ff ff ff ff c6 43 74 00 48 89 43 78 48 c7
0x00007f3776edaf40:   83 80 00 00 00 00 00 00 00 48 89 5b 58 48 89 5b
0x00007f3776edaf50:   68 0f 11 43 38 48 8b 5d f8 c9 c3 90 0f 1f 40 00
0x00007f3776edaf60:   48 8b 47 08 48 8b 0d cd b2 e1 00 0f 1f 44 00 00
0x00007f3776edaf70:   48 89 c2 48 8b 40 08 48 39 c1 75 f4 8b 42 04 c3
0x00007f3776edaf80:   4c 8b 87 80 00 00 00 40 84 f6 74 42 4d 85 c0 74
0x00007f3776edaf90:   3d 41 83 78 3c 37 76 36 4d 8b 40 60 4d 85 c0 74
0x00007f3776edafa0:   2d 41 8b 10 85 d2 7e 23 49 8b 40 08 83 ea 01 48
0x00007f3776edafb0:   8d 54 d0 08 0f 1f 40 00 4c 8b 00 41 83 78 3c 37
0x00007f3776edafc0:   76 0c 48 83 c0 08 48 39 c2 75 ed 45 31 c0 4c 89
0x00007f3776edafd0:   c0 c3 66 66 2e 0f 1f 84 00 00 00 00 00 0f 1f 00
0x00007f3776edafe0:   48 8b 47 60 49 89 f8 48 85 c0 0f 84 b0 00 00 00
0x00007f3776edaff0:   4c 63 10 45 85 d2 0f 84 a4 00 00 00 55 48 89 e5
0x00007f3776edb000:   41 54 45 31 e4 83 fa 02 53 41 0f 95 c4 45 85 d2
0x00007f3776edb010:   0f 8e 92 00 00 00 4c 8b 0d 1b b2 e1 00 89 f7 31
0x00007f3776edb020:   d2 eb 19 0f 1f 44 00 00 44 01 e1 39 f9 7f 4a 48
0x00007f3776edb030:   83 c2 01 49 39 d2 74 70 49 8b 40 60 48 8b 40 08
0x00007f3776edb040:   41 89 d3 48 8d 1c d5 00 00 00 00 48 8b 34 d0 48
0x00007f3776edb050:   8b 46 08 39 38 7f d8 8b 4e 44 83 f9 ff 75 c9 90
0x00007f3776edb060:   48 89 c1 48 8b 40 08 4c 39 c8 75 f4 8b 49 04 89
0x00007f3776edb070:   4e 44 44 01 e1 39 f9 7e b6 45 85 db 74 35 49 8b
0x00007f3776edb080:   40 60 48 8b 40 08 48 8b 10 48 89 14 18 49 8b 40
0x00007f3776edb090:   60 49 89 f0 48 8b 40 08 48 89 30 eb 0e 0f 1f 00
0x00007f3776edb0a0:   4c 89 c0 c3 0f 1f 40 00 45 31 c0 5b 4c 89 c0 41
0x00007f3776edb0b0:   5c 5d c3 49 89 f0 eb f3 0f 1f 84 00 00 00 00 00
0x00007f3776edb0c0:   55 89 f0 c1 e8 0e 48 89 e5 41 56 41 55 49 89 f5
0x00007f3776edb0d0:   41 54 53 89 d3 89 ca 48 8b 4f 58 4c 8b 24 c1 83 


Stack slot to memory mapping:
stack at sp + 0 slots: 0x00007f3776ee405d: <offset 0x00000000004e405d> in /opt/STS4/plugins/org.eclipse.justj.openjdk.hotspot.jre.full.linux.x86_64_17.0.8.v20230831-1047/jre/lib/server/libjvm.so at 0x00007f3776a00000
stack at sp + 1 slots: 0x0000000000000006 is an unknown value
stack at sp + 2 slots: 0x0000000000000013 is an unknown value
stack at sp + 3 slots: 0x00007f37550fdf20 is pointing into the stack for thread: 0x00007f3770207d80
stack at sp + 4 slots: 0x00007f3720153df0 points into unknown readable memory: 0x00007f3777c06a88 | 88 6a c0 77 37 7f 00 00
stack at sp + 5 slots: 0x00007f3720154a70 points into unknown readable memory: 0x00007f3777c06a88 | 88 6a c0 77 37 7f 00 00
stack at sp + 6 slots: 0x000004c014542d50 is an unknown value
stack at sp + 7 slots: 0x00000000000004c0 is an unknown value


---------------  P R O C E S S  ---------------

Threads class SMR info:
_java_thread_list=0x00007f371422c150, length=12, elements={
0x00007f3770025f30, 0x00007f37701dc0f0, 0x00007f37701dd750, 0x00007f3770202a00,
0x00007f3770203de0, 0x00007f3770205200, 0x00007f3770206890, 0x00007f3770207d80,
0x00007f3770209200, 0x00007f37702aa8b0, 0x00007f37702b6240, 0x00007f371422b230
}

Java Threads: ( => current thread )
  0x00007f3770025f30 JavaThread "main" [_thread_in_Java, id=269484, stack(0x00007f3776900000,0x00007f3776a00000)]
  0x00007f37701dc0f0 JavaThread "Reference Handler" daemon [_thread_blocked, id=269491, stack(0x00007f376ff00000,0x00007f3770000000)]
  0x00007f37701dd750 JavaThread "Finalizer" daemon [_thread_blocked, id=269492, stack(0x00007f3755ac0000,0x00007f3755bc0000)]
  0x00007f3770202a00 JavaThread "Signal Dispatcher" daemon [_thread_blocked, id=269493, stack(0x00007f37559c0000,0x00007f3755ac0000)]
  0x00007f3770203de0 JavaThread "Service Thread" daemon [_thread_blocked, id=269494, stack(0x00007f3755300000,0x00007f3755400000)]
  0x00007f3770205200 JavaThread "Monitor Deflation Thread" daemon [_thread_blocked, id=269495, stack(0x00007f3755200000,0x00007f3755300000)]
  0x00007f3770206890 JavaThread "C2 CompilerThread0" daemon [_thread_blocked, id=269496, stack(0x00007f3755100000,0x00007f3755200000)]
=>0x00007f3770207d80 JavaThread "C1 CompilerThread0" daemon [_thread_in_native, id=269497, stack(0x00007f3755000000,0x00007f3755100000)]
  0x00007f3770209200 JavaThread "Sweeper thread" daemon [_thread_blocked, id=269498, stack(0x00007f3754f00000,0x00007f3755000000)]
  0x00007f37702aa8b0 JavaThread "Notification Thread" daemon [_thread_blocked, id=269499, stack(0x00007f3754e00000,0x00007f3754f00000)]
  0x00007f37702b6240 JavaThread "Common-Cleaner" daemon [_thread_blocked, id=269501, stack(0x00007f3754bfe000,0x00007f3754cfe000)]
  0x00007f371422b230 JavaThread "C2 CompilerThread1" daemon [_thread_in_native, id=269506, stack(0x00007f37543fa000,0x00007f37544fa000)]

Other Threads:
  0x00007f37701cc230 VMThread "VM Thread" [stack: 0x00007f37740af000,0x00007f37741af000] [id=269490]
  0x00007f377022ea50 WatcherThread [stack: 0x00007f3754d00000,0x00007f3754e00000] [id=269500]
  0x00007f3770090710 GCTaskThread "GC Thread#0" [stack: 0x00007f3774ada000,0x00007f3774bda000] [id=269485]
  0x00007f37340051b0 GCTaskThread "GC Thread#1" [stack: 0x00007f3754afe000,0x00007f3754bfe000] [id=269502]
  0x00007f3734005be0 GCTaskThread "GC Thread#2" [stack: 0x00007f3754700000,0x00007f3754800000] [id=269503]
  0x00007f3734006610 GCTaskThread "GC Thread#3" [stack: 0x00007f37545fe000,0x00007f37546fe000] [id=269504]
  0x00007f37700a1570 ConcurrentGCThread "G1 Main Marker" [stack: 0x00007f37749d8000,0x00007f3774ad8000] [id=269486]
  0x00007f37700a24e0 ConcurrentGCThread "G1 Conc#0" [stack: 0x00007f37748d6000,0x00007f37749d6000] [id=269487]
  0x00007f3770145e70 ConcurrentGCThread "G1 Refine#0" [stack: 0x00007f37743d0000,0x00007f37744d0000] [id=269488]
  0x00007f3740000eb0 ConcurrentGCThread "G1 Refine#1" [stack: 0x00007f37544fc000,0x00007f37545fc000] [id=269505]
  0x00007f3770146d60 ConcurrentGCThread "G1 Service" [stack: 0x00007f37742ce000,0x00007f37743ce000] [id=269489]

Threads with active compile tasks:
C1 CompilerThread0     1824 2861       3       org.codehaus.plexus.util.xml.Xpp3DomBuilder::build (413 bytes)
C2 CompilerThread1     1824 2893       4       org.codehaus.plexus.util.xml.pull.MXParser::getText (125 bytes)

VM state: not at safepoint (normal execution)

VM Mutex/Monitor currently owned by a thread:  ([mutex/lock_event])
[0x00007f3770024230] MethodCompileQueue_lock - owner thread: 0x0000000000000000

Heap address: 0x0000000707800000, size: 3976 MB, Compressed Oops mode: Zero based, Oop shift amount: 3

CDS archive(s) not mapped
Compressed class space mapped at: 0x0000000800000000-0x0000000840000000, reserved size: 1073741824
Narrow klass base: 0x0000000800000000, Narrow klass shift: 0, Narrow klass range: 0x40000000

GC Precious Log:
 CPUs: 4 total, 4 available
 Memory: 15899M
 Large Page Support: Disabled
 NUMA Support: Disabled
 Compressed Oops: Enabled (Zero based)
 Heap Region Size: 2M
 Heap Min Capacity: 8M
 Heap Initial Capacity: 250M
 Heap Max Capacity: 3976M
 Pre-touch: Disabled
 Parallel Workers: 4
 Concurrent Workers: 1
 Concurrent Refinement Workers: 4
 Periodic GC: Disabled

Heap:
 garbage-first heap   total 34816K, used 13220K [0x0000000707800000, 0x0000000800000000)
  region size 2048K, 4 young (8192K), 1 survivors (2048K)
 Metaspace       used 25324K, committed 25600K, reserved 1114112K
  class space    used 2746K, committed 2880K, reserved 1048576K

Heap Regions: E=young(eden), S=young(survivor), O=old, HS=humongous(starts), HC=humongous(continues), CS=collection set, F=free, OA=open archive, CA=closed archive, TAMS=top-at-mark-start (previous, next)
|   0|0x0000000707800000, 0x0000000707a00000, 0x0000000707a00000|100%| O|  |TAMS 0x0000000707a00000, 0x0000000707800000| Untracked 
|   1|0x0000000707a00000, 0x0000000707a00000, 0x0000000707c00000|  0%| F|  |TAMS 0x0000000707a00000, 0x0000000707a00000| Untracked 
|   2|0x0000000707c00000, 0x0000000707c00000, 0x0000000707e00000|  0%| F|  |TAMS 0x0000000707c00000, 0x0000000707c00000| Untracked 
|   3|0x0000000707e00000, 0x0000000707e00000, 0x0000000708000000|  0%| F|  |TAMS 0x0000000707e00000, 0x0000000707e00000| Untracked 
|   4|0x0000000708000000, 0x0000000708000000, 0x0000000708200000|  0%| F|  |TAMS 0x0000000708000000, 0x0000000708000000| Untracked 
|   5|0x0000000708200000, 0x0000000708400000, 0x0000000708400000|100%| O|  |TAMS 0x0000000708200000, 0x0000000708200000| Untracked 
|   6|0x0000000708400000, 0x0000000708600000, 0x0000000708600000|100%| O|  |TAMS 0x0000000708400000, 0x0000000708400000| Untracked 
|   7|0x0000000708600000, 0x00000007087cb400, 0x0000000708800000| 89%| O|  |TAMS 0x0000000708600000, 0x0000000708600000| Untracked 
|   8|0x0000000708800000, 0x0000000708800000, 0x0000000708a00000|  0%| F|  |TAMS 0x0000000708800000, 0x0000000708800000| Untracked 
|   9|0x0000000708a00000, 0x0000000708a00000, 0x0000000708c00000|  0%| F|  |TAMS 0x0000000708a00000, 0x0000000708a00000| Untracked 
|  10|0x0000000708c00000, 0x0000000708c00000, 0x0000000708e00000|  0%| F|  |TAMS 0x0000000708c00000, 0x0000000708c00000| Untracked 
|  11|0x0000000708e00000, 0x0000000708e00000, 0x0000000709000000|  0%| F|  |TAMS 0x0000000708e00000, 0x0000000708e00000| Untracked 
|  12|0x0000000709000000, 0x0000000709000000, 0x0000000709200000|  0%| F|  |TAMS 0x0000000709000000, 0x0000000709000000| Untracked 
|  13|0x0000000709200000, 0x00000007093b88f0, 0x0000000709400000| 86%| E|  |TAMS 0x0000000709200000, 0x0000000709200000| Complete 
| 120|0x0000000716800000, 0x0000000716a00000, 0x0000000716a00000|100%| E|CS|TAMS 0x0000000716800000, 0x0000000716800000| Complete 
| 121|0x0000000716a00000, 0x0000000716b1df18, 0x0000000716c00000| 55%| S|CS|TAMS 0x0000000716a00000, 0x0000000716a00000| Complete 
| 124|0x0000000717000000, 0x0000000717200000, 0x0000000717200000|100%| E|CS|TAMS 0x0000000717000000, 0x0000000717000000| Complete 

Card table byte_map: [0x00007f377539e000,0x00007f3775b62000] _byte_map_base: 0x00007f3771b62000

Marking Bits (Prev, Next): (CMBitMap*) 0x00007f37700911d0, (CMBitMap*) 0x00007f3770091190
 Prev Bits: [0x00007f3755bc0000, 0x00007f37599e0000)
 Next Bits: [0x00007f37599e0000, 0x00007f375d800000)

Polling page: 0x00007f377816f000

Metaspace:

Usage:
  Non-class:     22.05 MB used.
      Class:      2.68 MB used.
       Both:     24.73 MB used.

Virtual space:
  Non-class space:       64.00 MB reserved,      22.19 MB ( 35%) committed,  1 nodes.
      Class space:        1.00 GB reserved,       2.81 MB ( <1%) committed,  1 nodes.
             Both:        1.06 GB reserved,      25.00 MB (  2%) committed. 

Chunk freelists:
   Non-Class:  9.60 MB
       Class:  13.03 MB
        Both:  22.62 MB

MaxMetaspaceSize: unlimited
CompressedClassSpaceSize: 1.00 GB
Initial GC threshold: 21.00 MB
Current GC threshold: 35.25 MB
CDS: off
MetaspaceReclaimPolicy: balanced
 - commit_granule_bytes: 65536.
 - commit_granule_words: 8192.
 - virtual_space_node_default_size: 8388608.
 - enlarge_chunks_in_place: 1.
 - new_chunks_are_fully_committed: 0.
 - uncommit_free_chunks: 1.
 - use_allocation_guard: 0.
 - handle_deallocations: 1.


Internal statistics:

num_allocs_failed_limit: 3.
num_arena_births: 78.
num_arena_deaths: 0.
num_vsnodes_births: 2.
num_vsnodes_deaths: 0.
num_space_committed: 400.
num_space_uncommitted: 0.
num_chunks_returned_to_freelist: 3.
num_chunks_taken_from_freelist: 613.
num_chunk_merges: 3.
num_chunk_splits: 408.
num_chunks_enlarged: 325.
num_inconsistent_stats: 0.

CodeHeap 'non-profiled nmethods': size=120032Kb used=1136Kb max_used=1136Kb free=118896Kb
 bounds [0x00007f37652c8000, 0x00007f3765538000, 0x00007f376c800000]
CodeHeap 'profiled nmethods': size=120028Kb used=5764Kb max_used=5764Kb free=114263Kb
 bounds [0x00007f375d800000, 0x00007f375ddb0000, 0x00007f3764d37000]
CodeHeap 'non-nmethods': size=5700Kb used=1185Kb max_used=1235Kb free=4514Kb
 bounds [0x00007f3764d37000, 0x00007f3764fa7000, 0x00007f37652c8000]
 total_blobs=3350 nmethods=2867 adapters=396
 compilation: enabled
              stopped_count=0, restarted_count=0
 full_count=0

Compilation events (20 events):
Event: 1.787 Thread 0x00007f3770207d80 nmethod 2851 0x00007f375dd98f10 code [0x00007f375dd990c0, 0x00007f375dd992b0]
Event: 1.787 Thread 0x00007f3770207d80 2852       3       java.lang.CharacterDataLatin1::isJavaIdentifierStart (23 bytes)
Event: 1.787 Thread 0x00007f3770207d80 nmethod 2852 0x00007f375dd99390 code [0x00007f375dd99540, 0x00007f375dd99750]
Event: 1.788 Thread 0x00007f3770207d80 2853       3       org.apache.maven.model.validation.DefaultModelValidator::validateNotNull (42 bytes)
Event: 1.788 Thread 0x00007f3770207d80 nmethod 2853 0x00007f375dd99890 code [0x00007f375dd99ac0, 0x00007f375dd9a0f0]
Event: 1.788 Thread 0x00007f3770207d80 2854       3       org.eclipse.aether.artifact.DefaultArtifact::emptify (11 bytes)
Event: 1.788 Thread 0x00007f3770207d80 nmethod 2854 0x00007f375dd9a390 code [0x00007f375dd9a520, 0x00007f375dd9a650]
Event: 1.789 Thread 0x00007f3770207d80 2855       3       java.util.ArrayList$ListItr::<init> (16 bytes)
Event: 1.789 Thread 0x00007f3770207d80 nmethod 2855 0x00007f375dd9a710 code [0x00007f375dd9a8c0, 0x00007f375dd9ab50]
Event: 1.789 Thread 0x00007f3770207d80 2858       3       org.codehaus.plexus.interpolation.reflection.ReflectionValueExtractor::evaluate (242 bytes)
Event: 1.791 Thread 0x00007f3770207d80 nmethod 2858 0x00007f375dd9ac90 code [0x00007f375dd9b200, 0x00007f375dd9db50]
Event: 1.791 Thread 0x00007f3770207d80 2857   !   3       org.codehaus.plexus.interpolation.ObjectBasedValueSource::getValue (66 bytes)
Event: 1.792 Thread 0x00007f3770207d80 nmethod 2857 0x00007f375dd9ea10 code [0x00007f375dd9ed40, 0x00007f375dd9fd00]
Event: 1.792 Thread 0x00007f3770207d80 2859       3       java.lang.Character::isJavaIdentifierStart (5 bytes)
Event: 1.792 Thread 0x00007f3770207d80 nmethod 2859 0x00007f375dda0290 code [0x00007f375dda0440, 0x00007f375dda0690]
Event: 1.792 Thread 0x00007f3770207d80 2860       3       org.codehaus.plexus.interpolation.reflection.ReflectionValueExtractor$Tokenizer::<init> (10 bytes)
Event: 1.792 Thread 0x00007f3770207d80 nmethod 2860 0x00007f375dda0790 code [0x00007f375dda0940, 0x00007f375dda0af0]
Event: 1.792 Thread 0x00007f3770207d80 2856       3       java.util.ArrayList::listIterator (10 bytes)
Event: 1.792 Thread 0x00007f3770207d80 nmethod 2856 0x00007f375dda0b90 code [0x00007f375dda0d40, 0x00007f375dda1090]
Event: 1.792 Thread 0x00007f3770207d80 2861       3       org.codehaus.plexus.util.xml.Xpp3DomBuilder::build (413 bytes)

GC Heap History (12 events):
Event: 0.470 GC heap before
{Heap before GC invocations=0 (full 0):
 garbage-first heap   total 256000K, used 12288K [0x0000000707800000, 0x0000000800000000)
  region size 2048K, 6 young (12288K), 0 survivors (0K)
 Metaspace       used 13083K, committed 13248K, reserved 1114112K
  class space    used 1218K, committed 1344K, reserved 1048576K
}
Event: 0.478 GC heap after
{Heap after GC invocations=1 (full 0):
 garbage-first heap   total 256000K, used 3634K [0x0000000707800000, 0x0000000800000000)
  region size 2048K, 1 young (2048K), 1 survivors (2048K)
 Metaspace       used 13083K, committed 13248K, reserved 1114112K
  class space    used 1218K, committed 1344K, reserved 1048576K
}
Event: 0.680 GC heap before
{Heap before GC invocations=1 (full 0):
 garbage-first heap   total 256000K, used 13874K [0x0000000707800000, 0x0000000800000000)
  region size 2048K, 6 young (12288K), 1 survivors (2048K)
 Metaspace       used 15730K, committed 15872K, reserved 1114112K
  class space    used 1575K, committed 1664K, reserved 1048576K
}
Event: 0.684 GC heap after
{Heap after GC invocations=2 (full 0):
 garbage-first heap   total 256000K, used 4314K [0x0000000707800000, 0x0000000800000000)
  region size 2048K, 1 young (2048K), 1 survivors (2048K)
 Metaspace       used 15730K, committed 15872K, reserved 1114112K
  class space    used 1575K, committed 1664K, reserved 1048576K
}
Event: 1.195 GC heap before
{Heap before GC invocations=2 (full 0):
 garbage-first heap   total 256000K, used 32986K [0x0000000707800000, 0x0000000800000000)
  region size 2048K, 15 young (30720K), 1 survivors (2048K)
 Metaspace       used 20248K, committed 20352K, reserved 1114112K
  class space    used 2134K, committed 2176K, reserved 1048576K
}
Event: 1.198 GC heap after
{Heap after GC invocations=3 (full 0):
 garbage-first heap   total 256000K, used 5781K [0x0000000707800000, 0x0000000800000000)
  region size 2048K, 1 young (2048K), 1 survivors (2048K)
 Metaspace       used 20248K, committed 20352K, reserved 1114112K
  class space    used 2134K, committed 2176K, reserved 1048576K
}
Event: 1.306 GC heap before
{Heap before GC invocations=3 (full 0):
 garbage-first heap   total 256000K, used 9877K [0x0000000707800000, 0x0000000800000000)
  region size 2048K, 4 young (8192K), 1 survivors (2048K)
 Metaspace       used 21400K, committed 21504K, reserved 1114112K
  class space    used 2282K, committed 2304K, reserved 1048576K
}
Event: 1.308 GC heap after
{Heap after GC invocations=4 (full 0):
 garbage-first heap   total 256000K, used 6216K [0x0000000707800000, 0x0000000800000000)
  region size 2048K, 2 young (4096K), 2 survivors (4096K)
 Metaspace       used 21400K, committed 21504K, reserved 1114112K
  class space    used 2282K, committed 2304K, reserved 1048576K
}
Event: 1.733 GC heap before
{Heap before GC invocations=5 (full 0):
 garbage-first heap   total 34816K, used 24648K [0x0000000707800000, 0x0000000800000000)
  region size 2048K, 12 young (24576K), 2 survivors (4096K)
 Metaspace       used 25205K, committed 25408K, reserved 1114112K
  class space    used 2743K, committed 2880K, reserved 1048576K
}
Event: 1.738 GC heap after
{Heap after GC invocations=6 (full 0):
 garbage-first heap   total 34816K, used 8265K [0x0000000707800000, 0x0000000800000000)
  region size 2048K, 3 young (6144K), 3 survivors (6144K)
 Metaspace       used 25205K, committed 25408K, reserved 1114112K
  class space    used 2743K, committed 2880K, reserved 1048576K
}
Event: 1.756 GC heap before
{Heap before GC invocations=6 (full 0):
 garbage-first heap   total 34816K, used 10313K [0x0000000707800000, 0x0000000800000000)
  region size 2048K, 4 young (8192K), 3 survivors (6144K)
 Metaspace       used 25240K, committed 25472K, reserved 1114112K
  class space    used 2744K, committed 2880K, reserved 1048576K
}
Event: 1.763 GC heap after
{Heap after GC invocations=7 (full 0):
 garbage-first heap   total 34816K, used 9124K [0x0000000707800000, 0x0000000800000000)
  region size 2048K, 1 young (2048K), 1 survivors (2048K)
 Metaspace       used 25240K, committed 25472K, reserved 1114112K
  class space    used 2744K, committed 2880K, reserved 1048576K
}

Dll operation events (8 events):
Event: 0.001 Loaded shared library /opt/STS4/plugins/org.eclipse.justj.openjdk.hotspot.jre.full.linux.x86_64_17.0.8.v20230831-1047/jre/lib/libjava.so
Event: 0.087 Loaded shared library /opt/STS4/plugins/org.eclipse.justj.openjdk.hotspot.jre.full.linux.x86_64_17.0.8.v20230831-1047/jre/lib/libnio.so
Event: 0.096 Loaded shared library /opt/STS4/plugins/org.eclipse.justj.openjdk.hotspot.jre.full.linux.x86_64_17.0.8.v20230831-1047/jre/lib/libzip.so
Event: 0.110 Loaded shared library /opt/STS4/plugins/org.eclipse.justj.openjdk.hotspot.jre.full.linux.x86_64_17.0.8.v20230831-1047/jre/lib/libnet.so
Event: 0.193 Loaded shared library /opt/STS4/plugins/org.eclipse.justj.openjdk.hotspot.jre.full.linux.x86_64_17.0.8.v20230831-1047/jre/lib/libjimage.so
Event: 0.204 Loaded shared library /tmp/jansi-2.4.0-9d898e89767f38f5-libjansi.so
Event: 0.366 Loaded shared library /opt/STS4/plugins/org.eclipse.justj.openjdk.hotspot.jre.full.linux.x86_64_17.0.8.v20230831-1047/jre/lib/libverify.so
Event: 1.497 Loaded shared library /opt/STS4/plugins/org.eclipse.justj.openjdk.hotspot.jre.full.linux.x86_64_17.0.8.v20230831-1047/jre/lib/libextnet.so

Deoptimization events (20 events):
Event: 1.743 Thread 0x00007f3770025f30 Uncommon trap: trap_request=0xffffff45 fr.pc=0x00007f376532cdf8 relative=0x0000000000000258
Event: 1.743 Thread 0x00007f3770025f30 Uncommon trap: reason=unstable_if action=reinterpret pc=0x00007f376532cdf8 method=java.lang.String.decodeASCII([BI[CII)I @ 7 c2
Event: 1.743 Thread 0x00007f3770025f30 DEOPT PACKING pc=0x00007f376532cdf8 sp=0x00007f37769fcbc0
Event: 1.743 Thread 0x00007f3770025f30 DEOPT UNPACKING pc=0x00007f3764d8d699 sp=0x00007f37769fcae0 mode 2
Event: 1.744 Thread 0x00007f3770025f30 Uncommon trap: trap_request=0xffffff45 fr.pc=0x00007f376532eb68 relative=0x0000000000000248
Event: 1.744 Thread 0x00007f3770025f30 Uncommon trap: reason=unstable_if action=reinterpret pc=0x00007f376532eb68 method=java.lang.String.decodeASCII([BI[CII)I @ 7 c2
Event: 1.744 Thread 0x00007f3770025f30 DEOPT PACKING pc=0x00007f376532eb68 sp=0x00007f37769fca30
Event: 1.744 Thread 0x00007f3770025f30 DEOPT UNPACKING pc=0x00007f3764d8d699 sp=0x00007f37769fca00 mode 2
Event: 1.745 Thread 0x00007f3770025f30 Uncommon trap: trap_request=0xffffff45 fr.pc=0x00007f37653644f4 relative=0x00000000000001d4
Event: 1.746 Thread 0x00007f3770025f30 Uncommon trap: reason=unstable_if action=reinterpret pc=0x00007f37653644f4 method=java.lang.String.indexOf(Ljava/lang/String;)I @ 10 c2
Event: 1.746 Thread 0x00007f3770025f30 DEOPT PACKING pc=0x00007f37653644f4 sp=0x00007f37769fd280
Event: 1.746 Thread 0x00007f3770025f30 DEOPT UNPACKING pc=0x00007f3764d8d699 sp=0x00007f37769fd230 mode 2
Event: 1.748 Thread 0x00007f3770025f30 Uncommon trap: trap_request=0xffffff45 fr.pc=0x00007f37652ee240 relative=0x00000000000000a0
Event: 1.748 Thread 0x00007f3770025f30 Uncommon trap: reason=unstable_if action=reinterpret pc=0x00007f37652ee240 method=java.lang.CharacterDataLatin1.digit(II)I @ 12 c2
Event: 1.748 Thread 0x00007f3770025f30 DEOPT PACKING pc=0x00007f37652ee240 sp=0x00007f37769fcf90
Event: 1.748 Thread 0x00007f3770025f30 DEOPT UNPACKING pc=0x00007f3764d8d699 sp=0x00007f37769fcf28 mode 2
Event: 1.771 Thread 0x00007f3770025f30 Uncommon trap: trap_request=0xffffff45 fr.pc=0x00007f37653cb7b4 relative=0x0000000000000634
Event: 1.771 Thread 0x00007f3770025f30 Uncommon trap: reason=unstable_if action=reinterpret pc=0x00007f37653cb7b4 method=org.codehaus.plexus.util.xml.pull.MXParser.nextImpl()I @ 880 c2
Event: 1.771 Thread 0x00007f3770025f30 DEOPT PACKING pc=0x00007f37653cb7b4 sp=0x00007f37769fcd10
Event: 1.771 Thread 0x00007f3770025f30 DEOPT UNPACKING pc=0x00007f3764d8d699 sp=0x00007f37769fcc88 mode 2

Classes unloaded (0 events):
No events

Classes redefined (0 events):
No events

Internal exceptions (20 events):
Event: 0.277 Thread 0x00007f3770025f30 Exception <a 'java/lang/NoSuchMethodError'{0x0000000716ab9cd8}: 'java.lang.Object java.lang.invoke.DirectMethodHandle$Holder.invokeSpecialIFC(java.lang.Object, java.lang.Object, java.lang.Object, java.lang.Object)'> (0x0000000716ab9cd8) 
thrown [src/hotspot/share/interpreter/linkResolver.cpp, line 758]
Event: 0.518 Thread 0x00007f3770025f30 Exception <a 'java/lang/NoSuchMethodError'{0x0000000716e69618}: 'void java.lang.invoke.DirectMethodHandle$Holder.invokeSpecial(java.lang.Object, java.lang.Object, java.lang.Object)'> (0x0000000716e69618) 
thrown [src/hotspot/share/interpreter/linkResolver.cpp, line 758]
Event: 0.549 Thread 0x00007f3770025f30 Exception <a 'java/lang/NoSuchMethodError'{0x0000000716fcc468}: 'java.lang.Object java.lang.invoke.DirectMethodHandle$Holder.invokeInterface(java.lang.Object, java.lang.Object)'> (0x0000000716fcc468) 
thrown [src/hotspot/share/interpreter/linkResolver.cpp, line 758]
Event: 0.564 Thread 0x00007f3770025f30 Exception <a 'java/lang/NoSuchMethodError'{0x0000000716c783e8}: 'java.lang.Object java.lang.invoke.Invokers$Holder.invokeExact_MT(java.lang.Object, java.lang.Object, java.lang.Object, java.lang.Object, java.lang.Object, java.lang.Object)'> (0x0000000716c783e8) 
thrown [src/hotspot/share/interpreter/linkResolver.cpp, line 758]
Event: 0.566 Thread 0x00007f3770025f30 Exception <a 'java/lang/NoSuchMethodError'{0x0000000716c8d158}: 'int java.lang.invoke.DirectMethodHandle$Holder.invokeSpecialIFC(java.lang.Object, java.lang.Object, java.lang.Object, java.lang.Object, java.lang.Object)'> (0x0000000716c8d158) 
thrown [src/hotspot/share/interpreter/linkResolver.cpp, line 758]
Event: 0.604 Thread 0x00007f3770025f30 Exception <a 'java/lang/NoSuchMethodError'{0x0000000716a3b480}: 'java.lang.Object java.lang.invoke.DirectMethodHandle$Holder.newInvokeSpecial(java.lang.Object, java.lang.Object, java.lang.Object, java.lang.Object, java.lang.Object)'> (0x0000000716a3b480) 
thrown [src/hotspot/share/interpreter/linkResolver.cpp, line 758]
Event: 0.634 Thread 0x00007f3770025f30 Exception <a 'java/lang/NoSuchMethodError'{0x0000000716b42650}: 'int java.lang.invoke.DirectMethodHandle$Holder.invokeStaticInit(java.lang.Object, java.lang.Object)'> (0x0000000716b42650) 
thrown [src/hotspot/share/interpreter/linkResolver.cpp, line 758]
Event: 0.640 Thread 0x00007f3770025f30 Exception <a 'java/lang/NoClassDefFoundError'{0x0000000716b7a600}: javax/enterprise/inject/Typed> (0x0000000716b7a600) 
thrown [src/hotspot/share/classfile/systemDictionary.cpp, line 245]
Event: 0.819 Thread 0x00007f3770025f30 Exception <a 'java/lang/NoSuchMethodError'{0x00000007169681d8}: 'java.lang.Object java.lang.invoke.DirectMethodHandle$Holder.invokeStaticInit(java.lang.Object)'> (0x00000007169681d8) 
thrown [src/hotspot/share/interpreter/linkResolver.cpp, line 758]
Event: 1.180 Thread 0x00007f3770025f30 Implicit null exception at 0x00007f376531887e to 0x00007f3765319cac
Event: 1.266 Thread 0x00007f3770025f30 Exception <a 'java/lang/NoSuchMethodError'{0x0000000716f8af58}: 'void java.lang.invoke.DirectMethodHandle$Holder.invokeStaticInit(java.lang.Object, java.lang.Object, java.lang.Object)'> (0x0000000716f8af58) 
thrown [src/hotspot/share/interpreter/linkResolver.cpp, line 758]
Event: 1.271 Thread 0x00007f3770025f30 Exception <a 'java/lang/ExceptionInInitializerError'{0x0000000716fbc8d0}> (0x0000000716fbc8d0) 
thrown [src/hotspot/share/oops/instanceKlass.cpp, line 1218]
Event: 1.294 Thread 0x00007f3770025f30 Implicit null exception at 0x00007f3765342a2f to 0x00007f3765342b90
Event: 1.296 Thread 0x00007f3770025f30 Exception <a 'java/lang/NoSuchMethodError'{0x0000000716cccdc8}: 'java.lang.Object java.lang.invoke.Invokers$Holder.invokeExact_MT(java.lang.Object, int, java.lang.Object)'> (0x0000000716cccdc8) 
thrown [src/hotspot/share/interpreter/linkResolver.cpp, line 758]
Event: 1.304 Thread 0x00007f3770025f30 Exception <a 'java/lang/NoSuchMethodError'{0x0000000716d2a348}: 'void java.lang.invoke.DirectMethodHandle$Holder.invokeStatic(java.lang.Object, java.lang.Object)'> (0x0000000716d2a348) 
thrown [src/hotspot/share/interpreter/linkResolver.cpp, line 758]
Event: 1.310 Thread 0x00007f3770025f30 Exception <a 'java/lang/NoSuchMethodError'{0x0000000717000c38}: 'int java.lang.invoke.DirectMethodHandle$Holder.invokeSpecial(java.lang.Object, java.lang.Object, java.lang.Object, java.lang.Object)'> (0x0000000717000c38) 
thrown [src/hotspot/share/interpreter/linkResolver.cpp, line 758]
Event: 1.485 Thread 0x00007f3770025f30 Exception <a 'java/lang/NoClassDefFoundError'{0x0000000708c1cba8}: com/google/inject/servlet/ServletModuleTargetVisitor> (0x0000000708c1cba8) 
thrown [src/hotspot/share/classfile/systemDictionary.cpp, line 245]
Event: 1.539 Thread 0x00007f3770025f30 Exception <a 'java/lang/NoSuchMethodError'{0x0000000708db5ee8}: 'void java.lang.invoke.DirectMethodHandle$Holder.invokeVirtual(java.lang.Object, java.lang.Object)'> (0x0000000708db5ee8) 
thrown [src/hotspot/share/interpreter/linkResolver.cpp, line 758]
Event: 1.620 Thread 0x00007f3770025f30 Implicit null exception at 0x00007f37652e8cd4 to 0x00007f37652e92a0
Event: 1.620 Thread 0x00007f3770025f30 Implicit null exception at 0x00007f37653090d4 to 0x00007f3765309694

VM Operations (20 events):
Event: 1.336 Executing VM operation: HandshakeAllThreads
Event: 1.336 Executing VM operation: HandshakeAllThreads done
Event: 1.380 Executing VM operation: HandshakeAllThreads
Event: 1.380 Executing VM operation: HandshakeAllThreads done
Event: 1.470 Executing VM operation: HandshakeAllThreads
Event: 1.470 Executing VM operation: HandshakeAllThreads done
Event: 1.491 Executing VM operation: HandshakeAllThreads
Event: 1.491 Executing VM operation: HandshakeAllThreads done
Event: 1.554 Executing VM operation: HandshakeAllThreads
Event: 1.554 Executing VM operation: HandshakeAllThreads done
Event: 1.570 Executing VM operation: ICBufferFull
Event: 1.571 Executing VM operation: ICBufferFull done
Event: 1.643 Executing VM operation: HandshakeAllThreads
Event: 1.643 Executing VM operation: HandshakeAllThreads done
Event: 1.643 Executing VM operation: HandshakeAllThreads
Event: 1.643 Executing VM operation: HandshakeAllThreads done
Event: 1.733 Executing VM operation: G1CollectForAllocation
Event: 1.738 Executing VM operation: G1CollectForAllocation done
Event: 1.756 Executing VM operation: G1CollectForAllocation
Event: 1.763 Executing VM operation: G1CollectForAllocation done

Events (20 events):
Event: 1.652 loading class java/util/AbstractMap$2$1
Event: 1.652 loading class java/util/AbstractMap$2$1 done
Event: 1.678 loading class sun/util/resources/LocaleData$CommonResourceBundleProvider
Event: 1.678 loading class sun/util/resources/LocaleData$LocaleDataResourceBundleProvider
Event: 1.678 loading class java/util/spi/ResourceBundleProvider
Event: 1.678 loading class java/util/spi/ResourceBundleProvider done
Event: 1.678 loading class sun/util/resources/LocaleData$LocaleDataResourceBundleProvider done
Event: 1.678 loading class sun/util/resources/LocaleData$CommonResourceBundleProvider done
Event: 1.678 loading class sun/util/resources/Bundles$2
Event: 1.679 loading class sun/util/resources/Bundles$2 done
Event: 1.680 loading class java/text/DontCareFieldPosition
Event: 1.680 loading class java/text/DontCareFieldPosition done
Event: 1.681 loading class java/text/DontCareFieldPosition$1
Event: 1.681 loading class java/text/Format$FieldDelegate
Event: 1.681 loading class java/text/Format$FieldDelegate done
Event: 1.681 loading class java/text/DontCareFieldPosition$1 done
Event: 1.695 loading class java/math/BigDecimal
Event: 1.696 loading class java/math/BigDecimal done
Event: 1.697 loading class java/lang/Short$ShortCache
Event: 1.697 loading class java/lang/Short$ShortCache done


Dynamic libraries:
707800000-709400000 rw-p 00000000 00:00 0 
709400000-716800000 ---p 00000000 00:00 0 
716800000-716c00000 rw-p 00000000 00:00 0 
716c00000-717000000 ---p 00000000 00:00 0 
717000000-717200000 rw-p 00000000 00:00 0 
717200000-800000000 ---p 00000000 00:00 0 
800000000-800010000 rw-p 00000000 00:00 0 
800010000-800030000 rw-p 00000000 00:00 0 
800030000-8000b0000 rw-p 00000000 00:00 0 
8000b0000-800130000 rw-p 00000000 00:00 0 
800130000-8001d0000 rw-p 00000000 00:00 0 
8001d0000-8001f0000 rw-p 00000000 00:00 0 
8001f0000-8002b0000 rw-p 00000000 00:00 0 
8002b0000-8002d0000 rw-p 00000000 00:00 0 
8002d0000-840000000 ---p 00000000 00:00 0 
558bad7db000-558bad7dc000 r--p 00000000 08:01 30683713                   /opt/STS4/plugins/org.eclipse.justj.openjdk.hotspot.jre.full.linux.x86_64_17.0.8.v20230831-1047/jre/bin/java
558bad7dc000-558bad7dd000 r-xp 00001000 08:01 30683713                   /opt/STS4/plugins/org.eclipse.justj.openjdk.hotspot.jre.full.linux.x86_64_17.0.8.v20230831-1047/jre/bin/java
558bad7dd000-558bad7de000 r--p 00002000 08:01 30683713                   /opt/STS4/plugins/org.eclipse.justj.openjdk.hotspot.jre.full.linux.x86_64_17.0.8.v20230831-1047/jre/bin/java
558bad7de000-558bad7df000 r--p 00002000 08:01 30683713                   /opt/STS4/plugins/org.eclipse.justj.openjdk.hotspot.jre.full.linux.x86_64_17.0.8.v20230831-1047/jre/bin/java
558bad7df000-558bad7e0000 rw-p 00003000 08:01 30683713                   /opt/STS4/plugins/org.eclipse.justj.openjdk.hotspot.jre.full.linux.x86_64_17.0.8.v20230831-1047/jre/bin/java
558baea83000-558baeacb000 rw-p 00000000 00:00 0                          [heap]
7f36f4000000-7f36f4021000 rw-p 00000000 00:00 0 
7f36f4021000-7f36f8000000 ---p 00000000 00:00 0 
7f36f8000000-7f36f83c7000 rw-p 00000000 00:00 0 
7f36f83c7000-7f36fc000000 ---p 00000000 00:00 0 
7f36fc000000-7f36fc021000 rw-p 00000000 00:00 0 
7f36fc021000-7f3700000000 ---p 00000000 00:00 0 
7f3700000000-7f3700021000 rw-p 00000000 00:00 0 
7f3700021000-7f3704000000 ---p 00000000 00:00 0 
7f3704000000-7f3704021000 rw-p 00000000 00:00 0 
7f3704021000-7f3708000000 ---p 00000000 00:00 0 
7f3708000000-7f3708021000 rw-p 00000000 00:00 0 
7f3708021000-7f370c000000 ---p 00000000 00:00 0 
7f370c000000-7f370c021000 rw-p 00000000 00:00 0 
7f370c021000-7f3710000000 ---p 00000000 00:00 0 
7f3710000000-7f3710021000 rw-p 00000000 00:00 0 
7f3710021000-7f3714000000 ---p 00000000 00:00 0 
7f3714000000-7f37146a8000 rw-p 00000000 00:00 0 
7f37146a8000-7f3718000000 ---p 00000000 00:00 0 
7f3718000000-7f3718021000 rw-p 00000000 00:00 0 
7f3718021000-7f371c000000 ---p 00000000 00:00 0 
7f371c000000-7f371c021000 rw-p 00000000 00:00 0 
7f371c021000-7f3720000000 ---p 00000000 00:00 0 
7f3720000000-7f3720872000 rw-p 00000000 00:00 0 
7f3720872000-7f3724000000 ---p 00000000 00:00 0 
7f3724000000-7f3724021000 rw-p 00000000 00:00 0 
7f3724021000-7f3728000000 ---p 00000000 00:00 0 
7f3728000000-7f3728021000 rw-p 00000000 00:00 0 
7f3728021000-7f372c000000 ---p 00000000 00:00 0 
7f372c000000-7f372c021000 rw-p 00000000 00:00 0 
7f372c021000-7f3730000000 ---p 00000000 00:00 0 
7f3730000000-7f3730021000 rw-p 00000000 00:00 0 
7f3730021000-7f3734000000 ---p 00000000 00:00 0 
7f3734000000-7f3734021000 rw-p 00000000 00:00 0 
7f3734021000-7f3738000000 ---p 00000000 00:00 0 
7f3738000000-7f3738021000 rw-p 00000000 00:00 0 
7f3738021000-7f373c000000 ---p 00000000 00:00 0 
7f373c000000-7f373c430000 rw-p 00000000 00:00 0 
7f373c430000-7f373c470000 rw-p 00000000 00:00 0 
7f373c470000-7f373c4f0000 rw-p 00000000 00:00 0 
7f373c4f0000-7f373c6b0000 rw-p 00000000 00:00 0 
7f373c6b0000-7f373c6f0000 rw-p 00000000 00:00 0 
7f373c6f0000-7f373caf0000 rw-p 00000000 00:00 0 
7f373caf0000-7f373cb70000 rw-p 00000000 00:00 0 
7f373cb70000-7f373cbf0000 rw-p 00000000 00:00 0 
7f373cbf0000-7f373ccf0000 rw-p 00000000 00:00 0 
7f373ccf0000-7f373cdf0000 rw-p 00000000 00:00 0 
7f373cdf0000-7f373d170000 rw-p 00000000 00:00 0 
7f373d170000-7f373d1f0000 rw-p 00000000 00:00 0 
7f373d1f0000-7f373d3f0000 rw-p 00000000 00:00 0 
7f373d3f0000-7f373d570000 rw-p 00000000 00:00 0 
7f373d570000-7f373d5c0000 rw-p 00000000 00:00 0 
7f373d5c0000-7f373d600000 ---p 00000000 00:00 0 
7f373d600000-7f373d670000 rw-p 00000000 00:00 0 
7f373d670000-7f3740000000 ---p 00000000 00:00 0 
7f3740000000-7f3740021000 rw-p 00000000 00:00 0 
7f3740021000-7f3744000000 ---p 00000000 00:00 0 
7f3746000000-7f3748000000 rw-p 00000000 00:00 0 
7f3748000000-7f3748021000 rw-p 00000000 00:00 0 
7f3748021000-7f374c000000 ---p 00000000 00:00 0 
7f374c000000-7f374c021000 rw-p 00000000 00:00 0 
7f374c021000-7f3750000000 ---p 00000000 00:00 0 
7f3750000000-7f3750021000 rw-p 00000000 00:00 0 
7f3750021000-7f3754000000 ---p 00000000 00:00 0 
7f3754163000-7f37543fa000 rw-p 00000000 00:00 0 
7f37543fa000-7f37543fe000 ---p 00000000 00:00 0 
7f37543fe000-7f37544fa000 rw-p 00000000 00:00 0 
7f37544fa000-7f37544fb000 ---p 00000000 00:00 0 
7f37544fb000-7f37545fc000 rw-p 00000000 00:00 0 
7f37545fc000-7f37545fd000 ---p 00000000 00:00 0 
7f37545fd000-7f37546fe000 rw-p 00000000 00:00 0 
7f37546fe000-7f37546ff000 ---p 00000000 00:00 0 
7f37546ff000-7f3754800000 rw-p 00000000 00:00 0 
7f3754800000-7f3754803000 r-xp 00000000 08:01 63701068                   /tmp/jansi-2.4.0-9d898e89767f38f5-libjansi.so
7f3754803000-7f3754a02000 ---p 00003000 08:01 63701068                   /tmp/jansi-2.4.0-9d898e89767f38f5-libjansi.so
7f3754a02000-7f3754a03000 rw-p 00002000 08:01 63701068                   /tmp/jansi-2.4.0-9d898e89767f38f5-libjansi.so
7f3754afc000-7f3754afd000 ---p 00000000 00:00 0 
7f3754afd000-7f3754bfe000 rw-p 00000000 00:00 0 
7f3754bfe000-7f3754c02000 ---p 00000000 00:00 0 
7f3754c02000-7f3754cfe000 rw-p 00000000 00:00 0 
7f3754cfe000-7f3754cff000 ---p 00000000 00:00 0 
7f3754cff000-7f3754e00000 rw-p 00000000 00:00 0 
7f3754e00000-7f3754e04000 ---p 00000000 00:00 0 
7f3754e04000-7f3754f00000 rw-p 00000000 00:00 0 
7f3754f00000-7f3754f04000 ---p 00000000 00:00 0 
7f3754f04000-7f3755000000 rw-p 00000000 00:00 0 
7f3755000000-7f3755004000 ---p 00000000 00:00 0 
7f3755004000-7f3755100000 rw-p 00000000 00:00 0 
7f3755100000-7f3755104000 ---p 00000000 00:00 0 
7f3755104000-7f3755200000 rw-p 00000000 00:00 0 
7f3755200000-7f3755204000 ---p 00000000 00:00 0 
7f3755204000-7f3755300000 rw-p 00000000 00:00 0 
7f3755300000-7f3755304000 ---p 00000000 00:00 0 
7f3755304000-7f3755400000 rw-p 00000000 00:00 0 
7f3755400000-7f3755973000 r--p 00000000 08:01 3442249                    /usr/lib/locale/locale-archive
7f37559c0000-7f37559c4000 ---p 00000000 00:00 0 
7f37559c4000-7f3755ac0000 rw-p 00000000 00:00 0 
7f3755ac0000-7f3755ac4000 ---p 00000000 00:00 0 
7f3755ac4000-7f3755c30000 rw-p 00000000 00:00 0 
7f3755c30000-7f3755f80000 ---p 00000000 00:00 0 
7f3755f80000-7f3755f90000 rw-p 00000000 00:00 0 
7f3755f90000-7f3755fa0000 ---p 00000000 00:00 0 
7f3755fa0000-7f3755fa8000 rw-p 00000000 00:00 0 
7f3755fa8000-7f37599e0000 ---p 00000000 00:00 0 
7f37599e0000-7f3759a50000 rw-p 00000000 00:00 0 
7f3759a50000-7f3759da0000 ---p 00000000 00:00 0 
7f3759da0000-7f3759db0000 rw-p 00000000 00:00 0 
7f3759db0000-7f3759dc0000 ---p 00000000 00:00 0 
7f3759dc0000-7f3759dc8000 rw-p 00000000 00:00 0 
7f3759dc8000-7f375d800000 ---p 00000000 00:00 0 
7f375d800000-7f375ddb0000 rwxp 00000000 00:00 0 
7f375ddb0000-7f3764d37000 ---p 00000000 00:00 0 
7f3764d37000-7f3764fa7000 rwxp 00000000 00:00 0 
7f3764fa7000-7f37652c8000 ---p 00000000 00:00 0 
7f37652c8000-7f3765538000 rwxp 00000000 00:00 0 
7f3765538000-7f376c800000 ---p 00000000 00:00 0 
7f376c800000-7f376fe6b000 r--s 00000000 08:01 30683795                   /opt/STS4/plugins/org.eclipse.justj.openjdk.hotspot.jre.full.linux.x86_64_17.0.8.v20230831-1047/jre/lib/modules
7f376ff00000-7f376ff04000 ---p 00000000 00:00 0 
7f376ff04000-7f3770000000 rw-p 00000000 00:00 0 
7f3770000000-7f3770bc2000 rw-p 00000000 00:00 0 
7f3770bc2000-7f3774000000 ---p 00000000 00:00 0 
7f3774054000-7f3774058000 r--p 00000000 08:01 30683746                   /opt/STS4/plugins/org.eclipse.justj.openjdk.hotspot.jre.full.linux.x86_64_17.0.8.v20230831-1047/jre/lib/libverify.so
7f3774058000-7f377405f000 r-xp 00004000 08:01 30683746                   /opt/STS4/plugins/org.eclipse.justj.openjdk.hotspot.jre.full.linux.x86_64_17.0.8.v20230831-1047/jre/lib/libverify.so
7f377405f000-7f3774061000 r--p 0000b000 08:01 30683746                   /opt/STS4/plugins/org.eclipse.justj.openjdk.hotspot.jre.full.linux.x86_64_17.0.8.v20230831-1047/jre/lib/libverify.so
7f3774061000-7f3774063000 r--p 0000c000 08:01 30683746                   /opt/STS4/plugins/org.eclipse.justj.openjdk.hotspot.jre.full.linux.x86_64_17.0.8.v20230831-1047/jre/lib/libverify.so
7f3774063000-7f3774064000 rw-p 0000e000 08:01 30683746                   /opt/STS4/plugins/org.eclipse.justj.openjdk.hotspot.jre.full.linux.x86_64_17.0.8.v20230831-1047/jre/lib/libverify.so
7f3774064000-7f3774095000 rw-p 00000000 00:00 0 
7f3774095000-7f3774099000 r--p 00000000 08:01 30683778                   /opt/STS4/plugins/org.eclipse.justj.openjdk.hotspot.jre.full.linux.x86_64_17.0.8.v20230831-1047/jre/lib/libnet.so
7f3774099000-7f37740a7000 r-xp 00004000 08:01 30683778                   /opt/STS4/plugins/org.eclipse.justj.openjdk.hotspot.jre.full.linux.x86_64_17.0.8.v20230831-1047/jre/lib/libnet.so
7f37740a7000-7f37740ab000 r--p 00012000 08:01 30683778                   /opt/STS4/plugins/org.eclipse.justj.openjdk.hotspot.jre.full.linux.x86_64_17.0.8.v20230831-1047/jre/lib/libnet.so
7f37740ab000-7f37740ac000 r--p 00015000 08:01 30683778                   /opt/STS4/plugins/org.eclipse.justj.openjdk.hotspot.jre.full.linux.x86_64_17.0.8.v20230831-1047/jre/lib/libnet.so
7f37740ac000-7f37740ad000 rw-p 00016000 08:01 30683778                   /opt/STS4/plugins/org.eclipse.justj.openjdk.hotspot.jre.full.linux.x86_64_17.0.8.v20230831-1047/jre/lib/libnet.so
7f37740ad000-7f37740ae000 ---p 00000000 00:00 0 
7f37740ae000-7f37742cc000 rw-p 00000000 00:00 0 
7f37742cc000-7f37742cd000 ---p 00000000 00:00 0 
7f37742cd000-7f37743ce000 rw-p 00000000 00:00 0 
7f37743ce000-7f37743cf000 ---p 00000000 00:00 0 
7f37743cf000-7f37748d4000 rw-p 00000000 00:00 0 
7f37748d4000-7f37748d5000 ---p 00000000 00:00 0 
7f37748d5000-7f37749d6000 rw-p 00000000 00:00 0 
7f37749d6000-7f37749d7000 ---p 00000000 00:00 0 
7f37749d7000-7f3774ad8000 rw-p 00000000 00:00 0 
7f3774ad8000-7f3774ad9000 ---p 00000000 00:00 0 
7f3774ad9000-7f3774be8000 rw-p 00000000 00:00 0 
7f3774be8000-7f3774c52000 ---p 00000000 00:00 0 
7f3774c52000-7f3774c54000 rw-p 00000000 00:00 0 
7f3774c54000-7f3774c56000 ---p 00000000 00:00 0 
7f3774c56000-7f3774c57000 rw-p 00000000 00:00 0 
7f3774c57000-7f377539e000 ---p 00000000 00:00 0 
7f377539e000-7f37753ac000 rw-p 00000000 00:00 0 
7f37753ac000-7f3775416000 ---p 00000000 00:00 0 
7f3775416000-7f3775418000 rw-p 00000000 00:00 0 
7f3775418000-7f377541a000 ---p 00000000 00:00 0 
7f377541a000-7f377541b000 rw-p 00000000 00:00 0 
7f377541b000-7f3775b62000 ---p 00000000 00:00 0 
7f3775b62000-7f3775b70000 rw-p 00000000 00:00 0 
7f3775b70000-7f3775bda000 ---p 00000000 00:00 0 
7f3775bda000-7f3775bdc000 rw-p 00000000 00:00 0 
7f3775bdc000-7f3775bde000 ---p 00000000 00:00 0 
7f3775bde000-7f3775bdf000 rw-p 00000000 00:00 0 
7f3775bdf000-7f3776326000 ---p 00000000 00:00 0 
7f3776326000-7f377672f000 rw-p 00000000 00:00 0 
7f377672f000-7f3776815000 ---p 00000000 00:00 0 
7f3776815000-7f3776821000 rw-p 00000000 00:00 0 
7f3776821000-7f3776900000 ---p 00000000 00:00 0 
7f3776900000-7f3776904000 ---p 00000000 00:00 0 
7f3776904000-7f3776a00000 rw-p 00000000 00:00 0 
7f3776a00000-7f3776c53000 r--p 00000000 08:01 30683765                   /opt/STS4/plugins/org.eclipse.justj.openjdk.hotspot.jre.full.linux.x86_64_17.0.8.v20230831-1047/jre/lib/server/libjvm.so
7f3776c53000-7f3777975000 r-xp 00253000 08:01 30683765                   /opt/STS4/plugins/org.eclipse.justj.openjdk.hotspot.jre.full.linux.x86_64_17.0.8.v20230831-1047/jre/lib/server/libjvm.so
7f3777975000-7f3777c02000 r--p 00f75000 08:01 30683765                   /opt/STS4/plugins/org.eclipse.justj.openjdk.hotspot.jre.full.linux.x86_64_17.0.8.v20230831-1047/jre/lib/server/libjvm.so
7f3777c02000-7f3777cbb000 r--p 01201000 08:01 30683765                   /opt/STS4/plugins/org.eclipse.justj.openjdk.hotspot.jre.full.linux.x86_64_17.0.8.v20230831-1047/jre/lib/server/libjvm.so
7f3777cbb000-7f3777cf0000 rw-p 012ba000 08:01 30683765                   /opt/STS4/plugins/org.eclipse.justj.openjdk.hotspot.jre.full.linux.x86_64_17.0.8.v20230831-1047/jre/lib/server/libjvm.so
7f3777cf0000-7f3777d4a000 rw-p 00000000 00:00 0 
7f3777d4c000-7f3777d53000 r--s 00000000 08:01 3410397                    /usr/lib/x86_64-linux-gnu/gconv/gconv-modules.cache
7f3777d53000-7f3777d5a000 r--p 00000000 08:01 30683787                   /opt/STS4/plugins/org.eclipse.justj.openjdk.hotspot.jre.full.linux.x86_64_17.0.8.v20230831-1047/jre/lib/libnio.so
7f3777d5a000-7f3777d63000 r-xp 00007000 08:01 30683787                   /opt/STS4/plugins/org.eclipse.justj.openjdk.hotspot.jre.full.linux.x86_64_17.0.8.v20230831-1047/jre/lib/libnio.so
7f3777d63000-7f3777d67000 r--p 00010000 08:01 30683787                   /opt/STS4/plugins/org.eclipse.justj.openjdk.hotspot.jre.full.linux.x86_64_17.0.8.v20230831-1047/jre/lib/libnio.so
7f3777d67000-7f3777d68000 ---p 00014000 08:01 30683787                   /opt/STS4/plugins/org.eclipse.justj.openjdk.hotspot.jre.full.linux.x86_64_17.0.8.v20230831-1047/jre/lib/libnio.so
7f3777d68000-7f3777d69000 r--p 00014000 08:01 30683787                   /opt/STS4/plugins/org.eclipse.justj.openjdk.hotspot.jre.full.linux.x86_64_17.0.8.v20230831-1047/jre/lib/libnio.so
7f3777d69000-7f3777d6a000 rw-p 00015000 08:01 30683787                   /opt/STS4/plugins/org.eclipse.justj.openjdk.hotspot.jre.full.linux.x86_64_17.0.8.v20230831-1047/jre/lib/libnio.so
7f3777d6a000-7f3777d6c000 r--p 00000000 08:01 30683768                   /opt/STS4/plugins/org.eclipse.justj.openjdk.hotspot.jre.full.linux.x86_64_17.0.8.v20230831-1047/jre/lib/libzip.so
7f3777d6c000-7f3777d70000 r-xp 00002000 08:01 30683768                   /opt/STS4/plugins/org.eclipse.justj.openjdk.hotspot.jre.full.linux.x86_64_17.0.8.v20230831-1047/jre/lib/libzip.so
7f3777d70000-7f3777d72000 r--p 00006000 08:01 30683768                   /opt/STS4/plugins/org.eclipse.justj.openjdk.hotspot.jre.full.linux.x86_64_17.0.8.v20230831-1047/jre/lib/libzip.so
7f3777d72000-7f3777d73000 r--p 00007000 08:01 30683768                   /opt/STS4/plugins/org.eclipse.justj.openjdk.hotspot.jre.full.linux.x86_64_17.0.8.v20230831-1047/jre/lib/libzip.so
7f3777d73000-7f3777d74000 rw-p 00008000 08:01 30683768                   /opt/STS4/plugins/org.eclipse.justj.openjdk.hotspot.jre.full.linux.x86_64_17.0.8.v20230831-1047/jre/lib/libzip.so
7f3777d74000-7f3777db7000 rw-p 00000000 00:00 0 
7f3777db7000-7f3777dc4000 r--p 00000000 08:01 30683790                   /opt/STS4/plugins/org.eclipse.justj.openjdk.hotspot.jre.full.linux.x86_64_17.0.8.v20230831-1047/jre/lib/libjava.so
7f3777dc4000-7f3777dd6000 r-xp 0000d000 08:01 30683790                   /opt/STS4/plugins/org.eclipse.justj.openjdk.hotspot.jre.full.linux.x86_64_17.0.8.v20230831-1047/jre/lib/libjava.so
7f3777dd6000-7f3777ddc000 r--p 0001f000 08:01 30683790                   /opt/STS4/plugins/org.eclipse.justj.openjdk.hotspot.jre.full.linux.x86_64_17.0.8.v20230831-1047/jre/lib/libjava.so
7f3777ddc000-7f3777ddd000 ---p 00025000 08:01 30683790                   /opt/STS4/plugins/org.eclipse.justj.openjdk.hotspot.jre.full.linux.x86_64_17.0.8.v20230831-1047/jre/lib/libjava.so
7f3777ddd000-7f3777dde000 r--p 00025000 08:01 30683790                   /opt/STS4/plugins/org.eclipse.justj.openjdk.hotspot.jre.full.linux.x86_64_17.0.8.v20230831-1047/jre/lib/libjava.so
7f3777dde000-7f3777ddf000 rw-p 00026000 08:01 30683790                   /opt/STS4/plugins/org.eclipse.justj.openjdk.hotspot.jre.full.linux.x86_64_17.0.8.v20230831-1047/jre/lib/libjava.so
7f3777ddf000-7f3777de0000 rw-p 00000000 00:00 0 
7f3777de0000-7f3777de4000 r--p 00000000 08:01 30683777                   /opt/STS4/plugins/org.eclipse.justj.openjdk.hotspot.jre.full.linux.x86_64_17.0.8.v20230831-1047/jre/lib/libjimage.so
7f3777de4000-7f3777df7000 r-xp 00004000 08:01 30683777                   /opt/STS4/plugins/org.eclipse.justj.openjdk.hotspot.jre.full.linux.x86_64_17.0.8.v20230831-1047/jre/lib/libjimage.so
7f3777df7000-7f3777dfd000 r--p 00017000 08:01 30683777                   /opt/STS4/plugins/org.eclipse.justj.openjdk.hotspot.jre.full.linux.x86_64_17.0.8.v20230831-1047/jre/lib/libjimage.so
7f3777dfd000-7f3777dff000 r--p 0001c000 08:01 30683777                   /opt/STS4/plugins/org.eclipse.justj.openjdk.hotspot.jre.full.linux.x86_64_17.0.8.v20230831-1047/jre/lib/libjimage.so
7f3777dff000-7f3777e00000 rw-p 0001e000 08:01 30683777                   /opt/STS4/plugins/org.eclipse.justj.openjdk.hotspot.jre.full.linux.x86_64_17.0.8.v20230831-1047/jre/lib/libjimage.so
7f3777e00000-7f3777e28000 r--p 00000000 08:01 3410022                    /usr/lib/x86_64-linux-gnu/libc.so.6
7f3777e28000-7f3777fbd000 r-xp 00028000 08:01 3410022                    /usr/lib/x86_64-linux-gnu/libc.so.6
7f3777fbd000-7f3778015000 r--p 001bd000 08:01 3410022                    /usr/lib/x86_64-linux-gnu/libc.so.6
7f3778015000-7f3778019000 r--p 00214000 08:01 3410022                    /usr/lib/x86_64-linux-gnu/libc.so.6
7f3778019000-7f377801b000 rw-p 00218000 08:01 3410022                    /usr/lib/x86_64-linux-gnu/libc.so.6
7f377801b000-7f3778028000 rw-p 00000000 00:00 0 
7f377802b000-7f3778030000 rw-p 00000000 00:00 0 
7f3778030000-7f3778037000 ---p 00000000 00:00 0 
7f3778037000-7f3778045000 r--p 00000000 08:01 3410029                    /usr/lib/x86_64-linux-gnu/libm.so.6
7f3778045000-7f37780c1000 r-xp 0000e000 08:01 3410029                    /usr/lib/x86_64-linux-gnu/libm.so.6
7f37780c1000-7f377811c000 r--p 0008a000 08:01 3410029                    /usr/lib/x86_64-linux-gnu/libm.so.6
7f377811c000-7f377811d000 r--p 000e4000 08:01 3410029                    /usr/lib/x86_64-linux-gnu/libm.so.6
7f377811d000-7f377811e000 rw-p 000e5000 08:01 3410029                    /usr/lib/x86_64-linux-gnu/libm.so.6
7f377811e000-7f377811f000 r--p 00000000 08:01 3410071                    /usr/lib/x86_64-linux-gnu/librt.so.1
7f377811f000-7f3778120000 r-xp 00001000 08:01 3410071                    /usr/lib/x86_64-linux-gnu/librt.so.1
7f3778120000-7f3778121000 r--p 00002000 08:01 3410071                    /usr/lib/x86_64-linux-gnu/librt.so.1
7f3778121000-7f3778122000 r--p 00002000 08:01 3410071                    /usr/lib/x86_64-linux-gnu/librt.so.1
7f3778122000-7f3778123000 rw-p 00003000 08:01 3410071                    /usr/lib/x86_64-linux-gnu/librt.so.1
7f3778123000-7f3778127000 rw-p 00000000 00:00 0 
7f3778127000-7f3778128000 r--p 00000000 08:01 3410028                    /usr/lib/x86_64-linux-gnu/libdl.so.2
7f3778128000-7f3778129000 r-xp 00001000 08:01 3410028                    /usr/lib/x86_64-linux-gnu/libdl.so.2
7f3778129000-7f377812a000 r--p 00002000 08:01 3410028                    /usr/lib/x86_64-linux-gnu/libdl.so.2
7f377812a000-7f377812b000 r--p 00002000 08:01 3410028                    /usr/lib/x86_64-linux-gnu/libdl.so.2
7f377812b000-7f377812c000 rw-p 00003000 08:01 3410028                    /usr/lib/x86_64-linux-gnu/libdl.so.2
7f377812c000-7f377812d000 r--p 00000000 08:01 3410065                    /usr/lib/x86_64-linux-gnu/libpthread.so.0
7f377812d000-7f377812e000 r-xp 00001000 08:01 3410065                    /usr/lib/x86_64-linux-gnu/libpthread.so.0
7f377812e000-7f377812f000 r--p 00002000 08:01 3410065                    /usr/lib/x86_64-linux-gnu/libpthread.so.0
7f377812f000-7f3778130000 r--p 00002000 08:01 3410065                    /usr/lib/x86_64-linux-gnu/libpthread.so.0
7f3778130000-7f3778131000 rw-p 00003000 08:01 3410065                    /usr/lib/x86_64-linux-gnu/libpthread.so.0
7f3778131000-7f3778134000 r--p 00000000 08:01 30683794                   /opt/STS4/plugins/org.eclipse.justj.openjdk.hotspot.jre.full.linux.x86_64_17.0.8.v20230831-1047/jre/lib/libjli.so
7f3778134000-7f377813e000 r-xp 00003000 08:01 30683794                   /opt/STS4/plugins/org.eclipse.justj.openjdk.hotspot.jre.full.linux.x86_64_17.0.8.v20230831-1047/jre/lib/libjli.so
7f377813e000-7f3778141000 r--p 0000d000 08:01 30683794                   /opt/STS4/plugins/org.eclipse.justj.openjdk.hotspot.jre.full.linux.x86_64_17.0.8.v20230831-1047/jre/lib/libjli.so
7f3778141000-7f3778142000 ---p 00010000 08:01 30683794                   /opt/STS4/plugins/org.eclipse.justj.openjdk.hotspot.jre.full.linux.x86_64_17.0.8.v20230831-1047/jre/lib/libjli.so
7f3778142000-7f3778143000 r--p 00010000 08:01 30683794                   /opt/STS4/plugins/org.eclipse.justj.openjdk.hotspot.jre.full.linux.x86_64_17.0.8.v20230831-1047/jre/lib/libjli.so
7f3778143000-7f3778144000 rw-p 00011000 08:01 30683794                   /opt/STS4/plugins/org.eclipse.justj.openjdk.hotspot.jre.full.linux.x86_64_17.0.8.v20230831-1047/jre/lib/libjli.so
7f3778144000-7f3778146000 r--p 00000000 08:01 3436377                    /usr/lib/x86_64-linux-gnu/libz.so.1.2.11
7f3778146000-7f3778157000 r-xp 00002000 08:01 3436377                    /usr/lib/x86_64-linux-gnu/libz.so.1.2.11
7f3778157000-7f377815d000 r--p 00013000 08:01 3436377                    /usr/lib/x86_64-linux-gnu/libz.so.1.2.11
7f377815d000-7f377815e000 ---p 00019000 08:01 3436377                    /usr/lib/x86_64-linux-gnu/libz.so.1.2.11
7f377815e000-7f377815f000 r--p 00019000 08:01 3436377                    /usr/lib/x86_64-linux-gnu/libz.so.1.2.11
7f377815f000-7f3778160000 rw-p 0001a000 08:01 3436377                    /usr/lib/x86_64-linux-gnu/libz.so.1.2.11
7f3778162000-7f3778163000 r--p 00000000 08:01 30683780                   /opt/STS4/plugins/org.eclipse.justj.openjdk.hotspot.jre.full.linux.x86_64_17.0.8.v20230831-1047/jre/lib/libextnet.so
7f3778163000-7f3778164000 r-xp 00001000 08:01 30683780                   /opt/STS4/plugins/org.eclipse.justj.openjdk.hotspot.jre.full.linux.x86_64_17.0.8.v20230831-1047/jre/lib/libextnet.so
7f3778164000-7f3778165000 r--p 00002000 08:01 30683780                   /opt/STS4/plugins/org.eclipse.justj.openjdk.hotspot.jre.full.linux.x86_64_17.0.8.v20230831-1047/jre/lib/libextnet.so
7f3778165000-7f3778166000 r--p 00002000 08:01 30683780                   /opt/STS4/plugins/org.eclipse.justj.openjdk.hotspot.jre.full.linux.x86_64_17.0.8.v20230831-1047/jre/lib/libextnet.so
7f3778166000-7f3778167000 rw-p 00003000 08:01 30683780                   /opt/STS4/plugins/org.eclipse.justj.openjdk.hotspot.jre.full.linux.x86_64_17.0.8.v20230831-1047/jre/lib/libextnet.so
7f3778167000-7f377816f000 rw-s 00000000 08:01 63842028                   /tmp/hsperfdata_codecompass/269478
7f377816f000-7f3778170000 ---p 00000000 00:00 0 
7f3778170000-7f3778171000 r--p 00000000 00:00 0 
7f3778171000-7f3778173000 rw-p 00000000 00:00 0 
7f3778173000-7f3778175000 r--p 00000000 08:01 3410014                    /usr/lib/x86_64-linux-gnu/ld-linux-x86-64.so.2
7f3778175000-7f377819f000 r-xp 00002000 08:01 3410014                    /usr/lib/x86_64-linux-gnu/ld-linux-x86-64.so.2
7f377819f000-7f37781aa000 r--p 0002c000 08:01 3410014                    /usr/lib/x86_64-linux-gnu/ld-linux-x86-64.so.2
7f37781aa000-7f37781ab000 ---p 00000000 00:00 0 
7f37781ab000-7f37781ad000 r--p 00037000 08:01 3410014                    /usr/lib/x86_64-linux-gnu/ld-linux-x86-64.so.2
7f37781ad000-7f37781af000 rw-p 00039000 08:01 3410014                    /usr/lib/x86_64-linux-gnu/ld-linux-x86-64.so.2
7ffd8151d000-7ffd8153f000 rw-p 00000000 00:00 0                          [stack]
7ffd8156c000-7ffd81570000 r--p 00000000 00:00 0                          [vvar]
7ffd81570000-7ffd81572000 r-xp 00000000 00:00 0                          [vdso]
ffffffffff600000-ffffffffff601000 --xp 00000000 00:00 0                  [vsyscall]


VM Arguments:
jvm_args: -Dmaven.home=EMBEDDED -Dclassworlds.conf=/home/codecompass/Documents/workspace-spring-tool-suite-4-4.20.0.RELEASE/.metadata/.plugins/org.eclipse.m2e.launching/launches/m2conf14818411991399834526.tmp -Dmaven.multiModuleProjectDirectory=/home/codecompass/Projects/BitBucket/BarApplication -Dm2e.build.project.data.socket.port=40737 -Dfile.encoding=UTF-8 -Dstdout.encoding=UTF-8 -Dstderr.encoding=UTF-8 -XX:+ShowCodeDetailsInExceptionMessages 
java_command: org.codehaus.plexus.classworlds.launcher.Launcher -B -Dmaven.test.skip=true -DskipTests -Dstyle.color=always clean install
java_class_path (initial): /opt/STS4/plugins/org.eclipse.m2e.maven.runtime_3.9.400.20230826-0755/jars/plexus-classworlds-2.7.0.jar
Launcher Type: SUN_STANDARD

[Global flags]
     intx CICompilerCount                          = 3                                         {product} {ergonomic}
     uint ConcGCThreads                            = 1                                         {product} {ergonomic}
     uint G1ConcRefinementThreads                  = 4                                         {product} {ergonomic}
   size_t G1HeapRegionSize                         = 2097152                                   {product} {ergonomic}
    uintx GCDrainStackTargetSize                   = 64                                        {product} {ergonomic}
   size_t InitialHeapSize                          = 262144000                                 {product} {ergonomic}
   size_t MarkStackSize                            = 4194304                                   {product} {ergonomic}
   size_t MaxHeapSize                              = 4169138176                                {product} {ergonomic}
   size_t MaxNewSize                               = 2499805184                                {product} {ergonomic}
   size_t MinHeapDeltaBytes                        = 2097152                                   {product} {ergonomic}
   size_t MinHeapSize                              = 8388608                                   {product} {ergonomic}
    uintx NonNMethodCodeHeapSize                   = 5832780                                {pd product} {ergonomic}
    uintx NonProfiledCodeHeapSize                  = 122912730                              {pd product} {ergonomic}
    uintx ProfiledCodeHeapSize                     = 122912730                              {pd product} {ergonomic}
    uintx ReservedCodeCacheSize                    = 251658240                              {pd product} {ergonomic}
     bool SegmentedCodeCache                       = true                                      {product} {ergonomic}
     bool ShowCodeDetailsInExceptionMessages       = true                                   {manageable} {command line}
   size_t SoftMaxHeapSize                          = 4169138176                             {manageable} {ergonomic}
     bool UseCompressedClassPointers               = true                           {product lp64_product} {ergonomic}
     bool UseCompressedOops                        = true                           {product lp64_product} {ergonomic}
     bool UseG1GC                                  = true                                      {product} {ergonomic}

Logging:
Log output configuration:
 #0: stdout all=warning uptime,level,tags
 #1: stderr all=off uptime,level,tags

Environment Variables:
PATH=/usr/local/sbin:/usr/local/bin:/usr/sbin:/usr/bin:/sbin:/bin:/usr/games:/usr/local/games:/snap/bin:/snap/bin:/opt/jdk-18.0.2.1/bin:/opt/STS4:/opt/Postman
USERNAME=codecompass
SHELL=/bin/bash
DISPLAY=:0
LANG=en_IN
TERM=xterm-256color

Active Locale:
LC_ALL=en_IN
LC_COLLATE=en_IN
LC_CTYPE=en_IN
LC_MESSAGES=en_IN
LC_MONETARY=en_IN
LC_NUMERIC=en_IN
LC_TIME=en_IN

Signal Handlers:
   SIGSEGV: crash_handler in libjvm.so, mask=11100100010111111101111111111110, flags=SA_RESTART|SA_SIGINFO, unblocked
    SIGBUS: crash_handler in libjvm.so, mask=11100100010111111101111111111110, flags=SA_RESTART|SA_SIGINFO, unblocked
    SIGFPE: crash_handler in libjvm.so, mask=11100100010111111101111111111110, flags=SA_RESTART|SA_SIGINFO, unblocked
   SIGPIPE: javaSignalHandler in libjvm.so, mask=11100100010111111101111111111110, flags=SA_RESTART|SA_SIGINFO, blocked
   SIGXFSZ: javaSignalHandler in libjvm.so, mask=11100100010111111101111111111110, flags=SA_RESTART|SA_SIGINFO, blocked
    SIGILL: crash_handler in libjvm.so, mask=11100100010111111101111111111110, flags=SA_RESTART|SA_SIGINFO, unblocked
   SIGUSR2: SR_handler in libjvm.so, mask=00100000000000000000000000000000, flags=SA_RESTART|SA_SIGINFO, blocked
    SIGHUP: UserHandler in libjvm.so, mask=11100100010111111101111111111110, flags=SA_RESTART|SA_SIGINFO, blocked
    SIGINT: UserHandler in libjvm.so, mask=11100100010111111101111111111110, flags=SA_RESTART|SA_SIGINFO, blocked
   SIGTERM: UserHandler in libjvm.so, mask=11100100010111111101111111111110, flags=SA_RESTART|SA_SIGINFO, blocked
   SIGQUIT: UserHandler in libjvm.so, mask=11100100010111111101111111111110, flags=SA_RESTART|SA_SIGINFO, blocked
   SIGTRAP: crash_handler in libjvm.so, mask=11100100010111111101111111111110, flags=SA_RESTART|SA_SIGINFO, unblocked


---------------  S Y S T E M  ---------------

OS:
DISTRIB_ID=Ubuntu
DISTRIB_RELEASE=22.04
DISTRIB_CODENAME=jammy
DISTRIB_DESCRIPTION="Ubuntu 22.04.3 LTS"
uname: Linux 6.2.0-36-generic #37~22.04.1-Ubuntu SMP PREEMPT_DYNAMIC Mon Oct  9 15:34:04 UTC 2 x86_64
OS uptime: 4 days 0:36 hours
libc: glibc 2.35 NPTL 2.35 
rlimit (soft/hard): STACK 8192k/infinity , CORE 0k/infinity , NPROC 63299/63299 , NOFILE 1048576/1048576 , AS infinity/infinity , CPU infinity/infinity , DATA infinity/infinity , FSIZE infinity/infinity , MEMLOCK 2035124k/2035124k
load average: 1.10 0.83 0.77

/proc/meminfo:
MemTotal:       16280992 kB
MemFree:         1831092 kB
MemAvailable:    4590084 kB
Buffers:          422224 kB
Cached:          5472324 kB
SwapCached:        61364 kB
Active:          3710008 kB
Inactive:        8916840 kB
Active(anon):    1528712 kB
Inactive(anon):  8311596 kB
Active(file):    2181296 kB
Inactive(file):   605244 kB
Unevictable:      974216 kB
Mlocked:             128 kB
SwapTotal:       2097148 kB
SwapFree:        1413036 kB
Zswap:                 0 kB
Zswapped:              0 kB
Dirty:               460 kB
Writeback:             0 kB
AnonPages:       7667768 kB
Mapped:          1272316 kB
Shmem:           3108008 kB
KReclaimable:     358792 kB
Slab:             585856 kB
SReclaimable:     358792 kB
SUnreclaim:       227064 kB
KernelStack:       32272 kB
PageTables:       129380 kB
SecPageTables:         0 kB
NFS_Unstable:          0 kB
Bounce:                0 kB
WritebackTmp:          0 kB
CommitLimit:    10237644 kB
Committed_AS:   28418592 kB
VmallocTotal:   34359738367 kB
VmallocUsed:       60396 kB
VmallocChunk:          0 kB
Percpu:             4032 kB
HardwareCorrupted:     0 kB
AnonHugePages:         0 kB
ShmemHugePages:        0 kB
ShmemPmdMapped:        0 kB
FileHugePages:         0 kB
FilePmdMapped:         0 kB
HugePages_Total:       0
HugePages_Free:        0
HugePages_Rsvd:        0
HugePages_Surp:        0
Hugepagesize:       2048 kB
Hugetlb:               0 kB
DirectMap4k:      248416 kB
DirectMap2M:    14344192 kB
DirectMap1G:     3145728 kB

/sys/kernel/mm/transparent_hugepage/enabled: always [madvise] never
/sys/kernel/mm/transparent_hugepage/defrag (defrag/compaction efforts parameter): always defer defer+madvise [madvise] never

Process Memory:
Virtual Size: 7248428K (peak: 7248428K)
Resident Set Size: 130796K (peak: 130796K) (anon: 102508K, file: 28288K, shmem: 0K)
Swapped out: 0K
C-Heap outstanding allocations: 38917K, retained: 7478K
glibc malloc tunables: (default)

/proc/sys/kernel/threads-max (system-wide limit on the number of threads): 126598
/proc/sys/vm/max_map_count (maximum number of memory map areas a process may have): 65530
/proc/sys/kernel/pid_max (system-wide limit on number of process identifiers): 4194304

container (cgroup) information:
container_type: cgroupv2
cpu_cpuset_cpus: not supported
cpu_memory_nodes: not supported
active_processor_count: 4
cpu_quota: not supported
cpu_period: not supported
cpu_shares: not supported
memory_limit_in_bytes: unlimited
memory_and_swap_limit_in_bytes: unlimited
memory_soft_limit_in_bytes: unlimited
memory_usage_in_bytes: 2477260 k
memory_max_usage_in_bytes: not supported
memory_swap_current_in_bytes: 4476 k
memory_swap_max_limit_in_bytes: unlimited
maximum number of tasks: 18989
current number of tasks: 222

Steal ticks since vm start: 0
Steal ticks percentage since vm start:  0.000

CPU: total 4 (initial active 4) (4 cores per cpu, 1 threads per core) family 6 model 60 stepping 3 microcode 0x28, cx8, cmov, fxsr, mmx, sse, sse2, sse3, ssse3, sse4.1, sse4.2, popcnt, lzcnt, tsc, tscinvbit, avx, avx2, aes, erms, clmul, bmi1, bmi2, fma, vzeroupper, clflush
CPU Model and flags from /proc/cpuinfo:
model name	: Intel(R) Core(TM) i5-4460  CPU @ 3.20GHz
flags		: fpu vme de pse tsc msr pae mce cx8 apic sep mtrr pge mca cmov pat pse36 clflush dts acpi mmx fxsr sse sse2 ss ht tm pbe syscall nx pdpe1gb rdtscp lm constant_tsc arch_perfmon pebs bts rep_good nopl xtopology nonstop_tsc cpuid aperfmperf pni pclmulqdq dtes64 monitor ds_cpl vmx est tm2 ssse3 sdbg fma cx16 xtpr pdcm pcid sse4_1 sse4_2 x2apic movbe popcnt tsc_deadline_timer aes xsave avx f16c rdrand lahf_lm abm cpuid_fault epb invpcid_single pti ssbd ibrs ibpb stibp tpr_shadow vnmi flexpriority ept vpid ept_ad fsgsbase tsc_adjust bmi1 avx2 smep bmi2 erms invpcid xsaveopt dtherm ida arat pln pts md_clear flush_l1d

Online cpus: 0-3
Offline cpus: 
BIOS frequency limitation: <Not Available>
Frequency switch latency (ns): 20000
Available cpu frequencies: <Not Available>
Current governor: schedutil
Core performance/turbo boost: <Not Available>

Memory: 4k page, physical 16280992k(1831092k free), swap 2097148k(1413036k free)
Page Sizes: 4k

vm_info: OpenJDK 64-Bit Server VM (17.0.8.1+1) for linux-amd64 JRE (17.0.8.1+1), built on Aug 24 2023 00:00:00 by "admin" with gcc 10.3.0

END.
